#
# There is insufficient memory for the Java Runtime Environment to continue.
# Native memory allocation (malloc) failed to allocate 1048576 bytes for AllocateHeap
# Possible reasons:
#   The system is out of physical RAM or swap space
#   The process is running with CompressedOops enabled, and the Java Heap may be blocking the growth of the native heap
# Possible solutions:
#   Reduce memory load on the system
#   Increase physical memory or swap space
#   Check if swap backing store is full
#   Decrease Java heap size (-Xmx/-Xms)
#   Decrease number of Java threads
#   Decrease Java thread stack sizes (-Xss)
#   Set larger code cache with -XX:ReservedCodeCacheSize=
#   JVM is running with Unscaled Compressed Oops mode in which the Java heap is
#     placed in the first 4GB address space. The Java Heap base address is the
#     maximum limit for the native heap growth. Please use -XX:HeapBaseMinAddress
#     to set the Java Heap base and to place the Java Heap above 4GB virtual address.
# This output file may be truncated or incomplete.
#
#  Out of Memory Error (allocation.cpp:44), pid=29436, tid=15588
#
# JRE version: OpenJDK Runtime Environment Temurin-17.0.6+10 (17.0.6+10) (build 17.0.6+10)
# Java VM: OpenJDK 64-Bit Server VM Temurin-17.0.6+10 (17.0.6+10, mixed mode, emulated-client, tiered, compressed oops, compressed class ptrs, g1 gc, windows-amd64)
# No core dump will be written. Minidumps are not enabled by default on client versions of Windows
#

---------------  S U M M A R Y ------------

Command Line: -XX:+HeapDumpOnOutOfMemoryError -Xmx1024m -Dsts.lsp.client=vscode -Dsts.log.file=/dev/null -XX:TieredStopAtLevel=1 -Xlog:jni+resolve=off -Dspring.config.location=file:c:\Users\Youcode\.vscode\extensions\vmware.vscode-spring-boot-1.44.0\language-server\BOOT-INF\classes\application.properties org.springframework.ide.vscode.boot.app.BootLanguageServerBootApp

Host: Intel(R) Core(TM) i7-10610U CPU @ 1.80GHz, 8 cores, 7G,  Windows 11 , 64 bit Build 22621 (10.0.22621.1194)
Time: Thu Mar  2 10:30:16 2023 Maroc (heure d64 bit Build 22621 (10.0.22621.1194) elapsed time: 47425.627694 seconds (0d 13h 10m 25s)

---------------  T H R E A D  ---------------

Current thread (0x000002a1eadeccc0):  VMThread "VM Thread" [stack: 0x000000b409f00000,0x000000b40a000000] [id=15588]

Stack: [0x000000b409f00000,0x000000b40a000000]
Native frames: (J=compiled Java code, j=interpreted, Vv=VM code, C=native code)
V  [jvm.dll+0x67741a]
V  [jvm.dll+0x834434]
V  [jvm.dll+0x835bde]
V  [jvm.dll+0x836243]
V  [jvm.dll+0x2457b5]
V  [jvm.dll+0xa626f]
V  [jvm.dll+0x2f5ad3]
V  [jvm.dll+0x2f17e0]
V  [jvm.dll+0x2d9ee7]
V  [jvm.dll+0x31ce67]
V  [jvm.dll+0x83a6eb]
V  [jvm.dll+0x83b424]
V  [jvm.dll+0x83b93c]
V  [jvm.dll+0x83bd14]
V  [jvm.dll+0x83bde0]
V  [jvm.dll+0x7e483a]
V  [jvm.dll+0x6762c5]
C  [ucrtbase.dll+0x29363]
C  [KERNEL32.DLL+0x126bd]
C  [ntdll.dll+0x5dfb8]

VM_Operation (0x000000b40b7feb00): G1CollectFull, mode: safepoint, requested by thread 0x000002a1ed745530


---------------  P R O C E S S  ---------------

Threads class SMR info:
_java_thread_list=0x000002a1f9e74030, length=28, elements={
0x000002a1eadeff20, 0x000002a1eadf1180, 0x000002a1eae36010, 0x000002a1eae368d0,
0x000002a1eae37190, 0x000002a1eae37a50, 0x000002a1eae3aac0, 0x000002a1eae3db70,
0x000002a1eb9f49c0, 0x000002a1eba0c100, 0x000002a1ed82b450, 0x000002a1ed745060,
0x000002a1ed745530, 0x000002a1ed745a00, 0x000002a1dffe90b0, 0x000002a1ed3adbd0,
0x000002a1ed8a0ad0, 0x000002a1ed8a17b0, 0x000002a1edc12a60, 0x000002a1edc138d0,
0x000002a1edc11bf0, 0x000002a1edc13da0, 0x000002a1edc15a80, 0x000002a1edc108b0,
0x000002a1edc10d80, 0x000002a1edc15f50, 0x000002a1edc0e700, 0x000002a1edc0ebd0
}

Java Threads: ( => current thread )
  0x000002a1eadeff20 JavaThread "Reference Handler" daemon [_thread_blocked, id=21900, stack(0x000000b40a000000,0x000000b40a100000)]
  0x000002a1eadf1180 JavaThread "Finalizer" daemon [_thread_blocked, id=29812, stack(0x000000b40a100000,0x000000b40a200000)]
  0x000002a1eae36010 JavaThread "Signal Dispatcher" daemon [_thread_blocked, id=9260, stack(0x000000b40a300000,0x000000b40a400000)]
  0x000002a1eae368d0 JavaThread "Attach Listener" daemon [_thread_blocked, id=11712, stack(0x000000b40a400000,0x000000b40a500000)]
  0x000002a1eae37190 JavaThread "Service Thread" daemon [_thread_blocked, id=2532, stack(0x000000b40a500000,0x000000b40a600000)]
  0x000002a1eae37a50 JavaThread "Monitor Deflation Thread" daemon [_thread_blocked, id=4860, stack(0x000000b40a600000,0x000000b40a700000)]
  0x000002a1eae3aac0 JavaThread "C1 CompilerThread0" daemon [_thread_blocked, id=23856, stack(0x000000b40a700000,0x000000b40a800000)]
  0x000002a1eae3db70 JavaThread "Sweeper thread" daemon [_thread_blocked, id=30208, stack(0x000000b40a800000,0x000000b40a900000)]
  0x000002a1eb9f49c0 JavaThread "Notification Thread" daemon [_thread_blocked, id=24396, stack(0x000000b40aa00000,0x000000b40ab00000)]
  0x000002a1eba0c100 JavaThread "Common-Cleaner" daemon [_thread_blocked, id=17216, stack(0x000000b40ac00000,0x000000b40ad00000)]
  0x000002a1ed82b450 JavaThread "boundedElastic-evictor-1" daemon [_thread_blocked, id=6524, stack(0x000000b40b400000,0x000000b40b500000)]
  0x000002a1ed745060 JavaThread "boundedElastic-evictor-2" daemon [_thread_blocked, id=14492, stack(0x000000b40b600000,0x000000b40b700000)]
  0x000002a1ed745530 JavaThread "pool-10-thread-1" [_thread_blocked, id=1752, stack(0x000000b40b700000,0x000000b40b800000)]
  0x000002a1ed745a00 JavaThread "LanguageServerApp-lifecycle" [_thread_blocked, id=17804, stack(0x000000b40b800000,0x000000b40b900000)]
  0x000002a1dffe90b0 JavaThread "DestroyJavaVM" [_thread_blocked, id=15028, stack(0x000000b409900000,0x000000b409a00000)]
  0x000002a1ed3adbd0 JavaThread "pool-11-thread-1" [_thread_in_native, id=29684, stack(0x000000b40b900000,0x000000b40ba00000)]
  0x000002a1ed8a0ad0 JavaThread "Simple-Language-Server main thread" daemon [_thread_blocked, id=29664, stack(0x000000b40ba00000,0x000000b40bb00000)]
  0x000002a1ed8a17b0 JavaThread "pool-6-thread-1" [_thread_blocked, id=24816, stack(0x000000b40bb00000,0x000000b40bc00000)]
  0x000002a1edc12a60 JavaThread "parallel-1" daemon [_thread_blocked, id=17348, stack(0x000000b40cb00000,0x000000b40cc00000)]
  0x000002a1edc138d0 JavaThread "pool-4-thread-1" [_thread_blocked, id=25700, stack(0x000000b40d100000,0x000000b40d200000)]
  0x000002a1edc11bf0 JavaThread "parallel-2" daemon [_thread_blocked, id=17256, stack(0x000000b40d200000,0x000000b40d300000)]
  0x000002a1edc13da0 JavaThread "parallel-3" daemon [_thread_blocked, id=22928, stack(0x000000b40d300000,0x000000b40d400000)]
  0x000002a1edc15a80 JavaThread "parallel-4" daemon [_thread_blocked, id=16652, stack(0x000000b40be00000,0x000000b40bf00000)]
  0x000002a1edc108b0 JavaThread "parallel-5" daemon [_thread_blocked, id=13200, stack(0x000000b40bf00000,0x000000b40c000000)]
  0x000002a1edc10d80 JavaThread "parallel-6" daemon [_thread_blocked, id=15216, stack(0x000000b40c000000,0x000000b40c100000)]
  0x000002a1edc15f50 JavaThread "parallel-7" daemon [_thread_blocked, id=24756, stack(0x000000b40c100000,0x000000b40c200000)]
  0x000002a1edc0e700 JavaThread "parallel-8" daemon [_thread_blocked, id=23412, stack(0x000000b40c200000,0x000000b40c300000)]
  0x000002a1edc0ebd0 JavaThread "Reconciler-1" daemon [_thread_blocked, id=20568, stack(0x000000b40c300000,0x000000b40c400000)]

Other Threads:
=>0x000002a1eadeccc0 VMThread "VM Thread" [stack: 0x000000b409f00000,0x000000b40a000000] [id=15588]
  0x000002a1eb9f56a0 WatcherThread [stack: 0x000000b40ab00000,0x000000b40ac00000] [id=26984]
  0x000002a1e0025ba0 GCTaskThread "GC Thread#0" [stack: 0x000000b409a00000,0x000000b409b00000] [id=29300]
  0x000002a1ebdf2040 GCTaskThread "GC Thread#1" [stack: 0x000000b40ad00000,0x000000b40ae00000] [id=28504]
  0x000002a1eb962ae0 GCTaskThread "GC Thread#2" [stack: 0x000000b40ae00000,0x000000b40af00000] [id=7972]
  0x000002a1ec3cb0e0 GCTaskThread "GC Thread#3" [stack: 0x000000b40af00000,0x000000b40b000000] [id=28584]
  0x000002a1ec3cc7d0 GCTaskThread "GC Thread#4" [stack: 0x000000b40b000000,0x000000b40b100000] [id=20332]
  0x000002a1ec3682e0 GCTaskThread "GC Thread#5" [stack: 0x000000b40b100000,0x000000b40b200000] [id=3140]
  0x000002a1ec1cfc50 GCTaskThread "GC Thread#6" [stack: 0x000000b40b200000,0x000000b40b300000] [id=10916]
  0x000002a1ed18f650 GCTaskThread "GC Thread#7" [stack: 0x000000b40b300000,0x000000b40b400000] [id=2948]
  0x000002a1e002eb50 ConcurrentGCThread "G1 Main Marker" [stack: 0x000000b409b00000,0x000000b409c00000] [id=5020]
  0x000002a1e002f470 ConcurrentGCThread "G1 Conc#0" [stack: 0x000000b409c00000,0x000000b409d00000] [id=17032]
  0x000002a1ed3c9450 ConcurrentGCThread "G1 Conc#1" [stack: 0x000000b40b500000,0x000000b40b600000] [id=17288]
  0x000002a1e0094cd0 ConcurrentGCThread "G1 Refine#0" [stack: 0x000000b409d00000,0x000000b409e00000] [id=16716]
  0x000002a1eda325b0 ConcurrentGCThread "G1 Refine#1" [stack: 0x000000b40cf00000,0x000000b40d000000] [id=25444]
  0x000002a1edefbcb0 ConcurrentGCThread "G1 Refine#2" [stack: 0x000000b40d000000,0x000000b40d100000] [id=3756]
  0x000002a1ef90b910 ConcurrentGCThread "G1 Refine#3" [stack: 0x000000b40d700000,0x000000b40d800000] [id=17688]
  0x000002a1ef90b070 ConcurrentGCThread "G1 Refine#4" [stack: 0x000000b40d800000,0x000000b40d900000] [id=480]
  0x000002a1ef90ca50 ConcurrentGCThread "G1 Refine#5" [stack: 0x000000b40d900000,0x000000b40da00000] [id=12448]
  0x000002a1ef90cd30 ConcurrentGCThread "G1 Refine#6" [stack: 0x000000b40da00000,0x000000b40db00000] [id=15772]
  0x000002a1ef90b350 ConcurrentGCThread "G1 Refine#7" [stack: 0x000000b40bd00000,0x000000b40be00000] [id=17852]
  0x000002a1e00954a0 ConcurrentGCThread "G1 Service" [stack: 0x000000b409e00000,0x000000b409f00000] [id=11408]

Threads with active compile tasks:

VM state: at safepoint (normal execution)

VM Mutex/Monitor currently owned by a thread:  ([mutex/lock_event])
[0x000002a1dffe5280] Threads_lock - owner thread: 0x000002a1eadeccc0
[0x000002a1dffe4f20] Heap_lock - owner thread: 0x000002a1ed745530

Heap address: 0x00000000c0000000, size: 1024 MB, Compressed Oops mode: 32-bit

CDS archive(s) not mapped
Compressed class space mapped at: 0x0000000100000000-0x0000000140000000, reserved size: 1073741824
Narrow klass base: 0x0000000000000000, Narrow klass shift: 3, Narrow klass range: 0x140000000

GC Precious Log:
 CPUs: 8 total, 8 available
 Memory: 7792M
 Large Page Support: Disabled
 NUMA Support: Disabled
 Compressed Oops: Enabled (32-bit)
 Heap Region Size: 1M
 Heap Min Capacity: 8M
 Heap Initial Capacity: 122M
 Heap Max Capacity: 1G
 Pre-touch: Disabled
 Parallel Workers: 8
 Concurrent Workers: 2
 Concurrent Refinement Workers: 8
 Periodic GC: Disabled

Heap:
 garbage-first heap   total 283648K, used 94176K [0x00000000c0000000, 0x0000000100000000)
  region size 1024K, 1 young (1024K), 0 survivors (0K)
 Metaspace       used 70902K, committed 71424K, reserved 1114112K
  class space    used 9632K, committed 9856K, reserved 1048576K

Heap Regions: E=young(eden), S=young(survivor), O=old, HS=humongous(starts), HC=humongous(continues), CS=collection set, F=free, OA=open archive, CA=closed archive, TAMS=top-at-mark-start (previous, next)
|   0|0x00000000c0000000, 0x00000000c0100000, 0x00000000c0100000|100%| O|  |TAMS 0x00000000c0100000, 0x00000000c0000000| Untracked 
|   1|0x00000000c0100000, 0x00000000c01ffff0, 0x00000000c0200000| 99%| O|  |TAMS 0x00000000c01ffff0, 0x00000000c0100000| Untracked 
|   2|0x00000000c0200000, 0x00000000c02ffec0, 0x00000000c0300000| 99%| O|  |TAMS 0x00000000c02ffec0, 0x00000000c0200000| Untracked 
|   3|0x00000000c0300000, 0x00000000c0400000, 0x00000000c0400000|100%| O|  |TAMS 0x00000000c0400000, 0x00000000c0300000| Untracked 
|   4|0x00000000c0400000, 0x00000000c04ffff0, 0x00000000c0500000| 99%| O|  |TAMS 0x00000000c04ffff0, 0x00000000c0400000| Untracked 
|   5|0x00000000c0500000, 0x00000000c0600000, 0x00000000c0600000|100%| O|  |TAMS 0x00000000c0600000, 0x00000000c0500000| Untracked 
|   6|0x00000000c0600000, 0x00000000c06fffb8, 0x00000000c0700000| 99%| O|  |TAMS 0x00000000c06fffb8, 0x00000000c0600000| Untracked 
|   7|0x00000000c0700000, 0x00000000c0800000, 0x00000000c0800000|100%| O|  |TAMS 0x00000000c0800000, 0x00000000c0700000| Untracked 
|   8|0x00000000c0800000, 0x00000000c0900000, 0x00000000c0900000|100%| O|  |TAMS 0x00000000c0900000, 0x00000000c0800000| Untracked 
|   9|0x00000000c0900000, 0x00000000c09fffb0, 0x00000000c0a00000| 99%| O|  |TAMS 0x00000000c09fffb0, 0x00000000c0900000| Untracked 
|  10|0x00000000c0a00000, 0x00000000c0afffe8, 0x00000000c0b00000| 99%| O|  |TAMS 0x00000000c0afffe8, 0x00000000c0a00000| Untracked 
|  11|0x00000000c0b00000, 0x00000000c0c00000, 0x00000000c0c00000|100%| O|  |TAMS 0x00000000c0c00000, 0x00000000c0b00000| Untracked 
|  12|0x00000000c0c00000, 0x00000000c0d00000, 0x00000000c0d00000|100%| O|  |TAMS 0x00000000c0d00000, 0x00000000c0c00000| Untracked 
|  13|0x00000000c0d00000, 0x00000000c0dfffe0, 0x00000000c0e00000| 99%| O|  |TAMS 0x00000000c0dfffe0, 0x00000000c0d00000| Untracked 
|  14|0x00000000c0e00000, 0x00000000c0effff8, 0x00000000c0f00000| 99%| O|  |TAMS 0x00000000c0effff8, 0x00000000c0e00000| Untracked 
|  15|0x00000000c0f00000, 0x00000000c0ffffe8, 0x00000000c1000000| 99%| O|  |TAMS 0x00000000c0ffffe8, 0x00000000c0f00000| Untracked 
|  16|0x00000000c1000000, 0x00000000c1100000, 0x00000000c1100000|100%| O|  |TAMS 0x00000000c1100000, 0x00000000c1000000| Untracked 
|  17|0x00000000c1100000, 0x00000000c11ffff0, 0x00000000c1200000| 99%| O|  |TAMS 0x00000000c11ffff0, 0x00000000c1100000| Untracked 
|  18|0x00000000c1200000, 0x00000000c12ffff8, 0x00000000c1300000| 99%| O|  |TAMS 0x00000000c12ffff8, 0x00000000c1200000| Untracked 
|  19|0x00000000c1300000, 0x00000000c13fffa8, 0x00000000c1400000| 99%| O|  |TAMS 0x00000000c13fffa8, 0x00000000c1300000| Untracked 
|  20|0x00000000c1400000, 0x00000000c1500000, 0x00000000c1500000|100%| O|  |TAMS 0x00000000c1500000, 0x00000000c1400000| Untracked 
|  21|0x00000000c1500000, 0x00000000c15ffff8, 0x00000000c1600000| 99%| O|  |TAMS 0x00000000c15ffff8, 0x00000000c1500000| Untracked 
|  22|0x00000000c1600000, 0x00000000c16fe5f8, 0x00000000c1700000| 99%| O|  |TAMS 0x00000000c16fe5f8, 0x00000000c1600000| Untracked 
|  23|0x00000000c1700000, 0x00000000c17ff468, 0x00000000c1800000| 99%| O|  |TAMS 0x00000000c17ff468, 0x00000000c1700000| Untracked 
|  24|0x00000000c1800000, 0x00000000c18fffe8, 0x00000000c1900000| 99%| O|  |TAMS 0x00000000c18fffe8, 0x00000000c1800000| Untracked 
|  25|0x00000000c1900000, 0x00000000c19fdb48, 0x00000000c1a00000| 99%| O|  |TAMS 0x00000000c19fdb48, 0x00000000c1900000| Untracked 
|  26|0x00000000c1a00000, 0x00000000c1afffc0, 0x00000000c1b00000| 99%| O|  |TAMS 0x00000000c1afffc0, 0x00000000c1a00000| Untracked 
|  27|0x00000000c1b00000, 0x00000000c1c00000, 0x00000000c1c00000|100%| O|  |TAMS 0x00000000c1c00000, 0x00000000c1b00000| Untracked 
|  28|0x00000000c1c00000, 0x00000000c1cfffb8, 0x00000000c1d00000| 99%| O|  |TAMS 0x00000000c1cfffb8, 0x00000000c1c00000| Untracked 
|  29|0x00000000c1d00000, 0x00000000c1dffff0, 0x00000000c1e00000| 99%| O|  |TAMS 0x00000000c1dffff0, 0x00000000c1d00000| Untracked 
|  30|0x00000000c1e00000, 0x00000000c1efea90, 0x00000000c1f00000| 99%| O|  |TAMS 0x00000000c1efea90, 0x00000000c1e00000| Untracked 
|  31|0x00000000c1f00000, 0x00000000c1ffa120, 0x00000000c2000000| 97%| O|  |TAMS 0x00000000c1ffa120, 0x00000000c1f00000| Untracked 
|  32|0x00000000c2000000, 0x00000000c2100000, 0x00000000c2100000|100%| O|  |TAMS 0x00000000c2100000, 0x00000000c2000000| Untracked 
|  33|0x00000000c2100000, 0x00000000c21fffe8, 0x00000000c2200000| 99%| O|  |TAMS 0x00000000c21fffe8, 0x00000000c2100000| Untracked 
|  34|0x00000000c2200000, 0x00000000c22ffff0, 0x00000000c2300000| 99%| O|  |TAMS 0x00000000c22ffff0, 0x00000000c2200000| Untracked 
|  35|0x00000000c2300000, 0x00000000c2400000, 0x00000000c2400000|100%| O|  |TAMS 0x00000000c2400000, 0x00000000c2300000| Untracked 
|  36|0x00000000c2400000, 0x00000000c24ffff0, 0x00000000c2500000| 99%| O|  |TAMS 0x00000000c24ffff0, 0x00000000c2400000| Untracked 
|  37|0x00000000c2500000, 0x00000000c25fffe0, 0x00000000c2600000| 99%| O|  |TAMS 0x00000000c25fffe0, 0x00000000c2500000| Untracked 
|  38|0x00000000c2600000, 0x00000000c26ffff0, 0x00000000c2700000| 99%| O|  |TAMS 0x00000000c26ffff0, 0x00000000c2600000| Untracked 
|  39|0x00000000c2700000, 0x00000000c27fffe0, 0x00000000c2800000| 99%| O|  |TAMS 0x00000000c27fffe0, 0x00000000c2700000| Untracked 
|  40|0x00000000c2800000, 0x00000000c2900000, 0x00000000c2900000|100%| O|  |TAMS 0x00000000c2900000, 0x00000000c2800000| Untracked 
|  41|0x00000000c2900000, 0x00000000c29fffc0, 0x00000000c2a00000| 99%| O|  |TAMS 0x00000000c29fffc0, 0x00000000c2900000| Untracked 
|  42|0x00000000c2a00000, 0x00000000c2b00000, 0x00000000c2b00000|100%| O|  |TAMS 0x00000000c2b00000, 0x00000000c2a00000| Untracked 
|  43|0x00000000c2b00000, 0x00000000c2bfffe0, 0x00000000c2c00000| 99%| O|  |TAMS 0x00000000c2bfffe0, 0x00000000c2b00000| Untracked 
|  44|0x00000000c2c00000, 0x00000000c2cfffc8, 0x00000000c2d00000| 99%| O|  |TAMS 0x00000000c2cfffc8, 0x00000000c2c00000| Untracked 
|  45|0x00000000c2d00000, 0x00000000c2e00000, 0x00000000c2e00000|100%| O|  |TAMS 0x00000000c2e00000, 0x00000000c2d00000| Untracked 
|  46|0x00000000c2e00000, 0x00000000c2effff0, 0x00000000c2f00000| 99%| O|  |TAMS 0x00000000c2effff0, 0x00000000c2e00000| Untracked 
|  47|0x00000000c2f00000, 0x00000000c2ff73d0, 0x00000000c3000000| 96%| O|  |TAMS 0x00000000c2ff73d0, 0x00000000c2f00000| Untracked 
|  48|0x00000000c3000000, 0x00000000c30fffe8, 0x00000000c3100000| 99%| O|  |TAMS 0x00000000c30fffe8, 0x00000000c3000000| Untracked 
|  49|0x00000000c3100000, 0x00000000c3200000, 0x00000000c3200000|100%| O|  |TAMS 0x00000000c3200000, 0x00000000c3100000| Untracked 
|  50|0x00000000c3200000, 0x00000000c32ff808, 0x00000000c3300000| 99%| O|  |TAMS 0x00000000c32ff808, 0x00000000c3200000| Untracked 
|  51|0x00000000c3300000, 0x00000000c33fffe8, 0x00000000c3400000| 99%| O|  |TAMS 0x00000000c33fffe8, 0x00000000c3300000| Untracked 
|  52|0x00000000c3400000, 0x00000000c34ffed8, 0x00000000c3500000| 99%| O|  |TAMS 0x00000000c34ffed8, 0x00000000c3400000| Untracked 
|  53|0x00000000c3500000, 0x00000000c35fffe0, 0x00000000c3600000| 99%| O|  |TAMS 0x00000000c35fffe0, 0x00000000c3500000| Untracked 
|  54|0x00000000c3600000, 0x00000000c36ffff0, 0x00000000c3700000| 99%| O|  |TAMS 0x00000000c36ffff0, 0x00000000c3600000| Untracked 
|  55|0x00000000c3700000, 0x00000000c3800000, 0x00000000c3800000|100%| O|  |TAMS 0x00000000c3800000, 0x00000000c3700000| Untracked 
|  56|0x00000000c3800000, 0x00000000c38fffe8, 0x00000000c3900000| 99%| O|  |TAMS 0x00000000c38fffe8, 0x00000000c3800000| Untracked 
|  57|0x00000000c3900000, 0x00000000c39fffe8, 0x00000000c3a00000| 99%| O|  |TAMS 0x00000000c39fffe8, 0x00000000c3900000| Untracked 
|  58|0x00000000c3a00000, 0x00000000c3afffe0, 0x00000000c3b00000| 99%| O|  |TAMS 0x00000000c3afffe0, 0x00000000c3a00000| Untracked 
|  59|0x00000000c3b00000, 0x00000000c3bff1c8, 0x00000000c3c00000| 99%| O|  |TAMS 0x00000000c3bff1c8, 0x00000000c3b00000| Untracked 
|  60|0x00000000c3c00000, 0x00000000c3cffff0, 0x00000000c3d00000| 99%| O|  |TAMS 0x00000000c3cffff0, 0x00000000c3c00000| Untracked 
|  61|0x00000000c3d00000, 0x00000000c3e00000, 0x00000000c3e00000|100%| O|  |TAMS 0x00000000c3e00000, 0x00000000c3d00000| Untracked 
|  62|0x00000000c3e00000, 0x00000000c3effff8, 0x00000000c3f00000| 99%| O|  |TAMS 0x00000000c3effff8, 0x00000000c3e00000| Untracked 
|  63|0x00000000c3f00000, 0x00000000c3ffffe8, 0x00000000c4000000| 99%| O|  |TAMS 0x00000000c3ffffe8, 0x00000000c3f00000| Untracked 
|  64|0x00000000c4000000, 0x00000000c40fffe0, 0x00000000c4100000| 99%| O|  |TAMS 0x00000000c40fffe0, 0x00000000c4000000| Untracked 
|  65|0x00000000c4100000, 0x00000000c4200000, 0x00000000c4200000|100%| O|  |TAMS 0x00000000c4200000, 0x00000000c4100000| Untracked 
|  66|0x00000000c4200000, 0x00000000c42ffff0, 0x00000000c4300000| 99%| O|  |TAMS 0x00000000c42ffff0, 0x00000000c4200000| Untracked 
|  67|0x00000000c4300000, 0x00000000c43fffd8, 0x00000000c4400000| 99%| O|  |TAMS 0x00000000c43fffd8, 0x00000000c4300000| Untracked 
|  68|0x00000000c4400000, 0x00000000c44fffe8, 0x00000000c4500000| 99%| O|  |TAMS 0x00000000c44fffe8, 0x00000000c4400000| Untracked 
|  69|0x00000000c4500000, 0x00000000c45ba788, 0x00000000c4600000| 72%| O|  |TAMS 0x00000000c4500000, 0x00000000c4500000| Untracked 
|  70|0x00000000c4600000, 0x00000000c4700000, 0x00000000c4700000|100%| O|  |TAMS 0x00000000c4700000, 0x00000000c4600000| Untracked 
|  71|0x00000000c4700000, 0x00000000c4800000, 0x00000000c4800000|100%| O|  |TAMS 0x00000000c4800000, 0x00000000c4700000| Untracked 
|  72|0x00000000c4800000, 0x00000000c48ffff0, 0x00000000c4900000| 99%| O|  |TAMS 0x00000000c48ffff0, 0x00000000c4800000| Untracked 
|  73|0x00000000c4900000, 0x00000000c49ffff0, 0x00000000c4a00000| 99%| O|  |TAMS 0x00000000c49ffff0, 0x00000000c4900000| Untracked 
|  74|0x00000000c4a00000, 0x00000000c4aa1238, 0x00000000c4b00000| 62%| O|  |TAMS 0x00000000c4a00000, 0x00000000c4a00000| Untracked 
|  75|0x00000000c4b00000, 0x00000000c4be9b10, 0x00000000c4c00000| 91%| O|  |TAMS 0x00000000c4b00000, 0x00000000c4b00000| Untracked 
|  76|0x00000000c4c00000, 0x00000000c4cc95f8, 0x00000000c4d00000| 78%| O|  |TAMS 0x00000000c4c00000, 0x00000000c4c00000| Untracked 
|  77|0x00000000c4d00000, 0x00000000c4d00088, 0x00000000c4e00000|  0%| O|  |TAMS 0x00000000c4d00000, 0x00000000c4d00000| Untracked 
|  78|0x00000000c4e00000, 0x00000000c4f00000, 0x00000000c4f00000|100%| O|  |TAMS 0x00000000c4f00000, 0x00000000c4e00000| Untracked 
|  79|0x00000000c4f00000, 0x00000000c4f00000, 0x00000000c5000000|  0%| F|  |TAMS 0x00000000c4f00000, 0x00000000c4f00000| Untracked 
|  80|0x00000000c5000000, 0x00000000c5000000, 0x00000000c5100000|  0%| F|  |TAMS 0x00000000c5000000, 0x00000000c5000000| Untracked 
|  81|0x00000000c5100000, 0x00000000c5100000, 0x00000000c5200000|  0%| F|  |TAMS 0x00000000c5100000, 0x00000000c5100000| Untracked 
|  82|0x00000000c5200000, 0x00000000c5300000, 0x00000000c5300000|100%| O|  |TAMS 0x00000000c5300000, 0x00000000c5200000| Untracked 
|  83|0x00000000c5300000, 0x00000000c5300000, 0x00000000c5400000|  0%| F|  |TAMS 0x00000000c5300000, 0x00000000c5300000| Untracked 
|  84|0x00000000c5400000, 0x00000000c5500000, 0x00000000c5500000|100%| O|  |TAMS 0x00000000c5500000, 0x00000000c5400000| Untracked 
|  85|0x00000000c5500000, 0x00000000c5500000, 0x00000000c5600000|  0%| F|  |TAMS 0x00000000c5500000, 0x00000000c5500000| Untracked 
|  86|0x00000000c5600000, 0x00000000c5600000, 0x00000000c5700000|  0%| F|  |TAMS 0x00000000c5600000, 0x00000000c5600000| Untracked 
|  87|0x00000000c5700000, 0x00000000c5700000, 0x00000000c5800000|  0%| F|  |TAMS 0x00000000c5700000, 0x00000000c5700000| Untracked 
|  88|0x00000000c5800000, 0x00000000c5800000, 0x00000000c5900000|  0%| F|  |TAMS 0x00000000c5800000, 0x00000000c5800000| Untracked 
|  89|0x00000000c5900000, 0x00000000c5900000, 0x00000000c5a00000|  0%| F|  |TAMS 0x00000000c5900000, 0x00000000c5900000| Untracked 
|  90|0x00000000c5a00000, 0x00000000c5a00000, 0x00000000c5b00000|  0%| F|  |TAMS 0x00000000c5a00000, 0x00000000c5a00000| Untracked 
|  91|0x00000000c5b00000, 0x00000000c5b00000, 0x00000000c5c00000|  0%| F|  |TAMS 0x00000000c5b00000, 0x00000000c5b00000| Untracked 
|  92|0x00000000c5c00000, 0x00000000c5c00000, 0x00000000c5d00000|  0%| F|  |TAMS 0x00000000c5c00000, 0x00000000c5c00000| Untracked 
|  93|0x00000000c5d00000, 0x00000000c5d00000, 0x00000000c5e00000|  0%| F|  |TAMS 0x00000000c5d00000, 0x00000000c5d00000| Untracked 
|  94|0x00000000c5e00000, 0x00000000c5e00000, 0x00000000c5f00000|  0%| F|  |TAMS 0x00000000c5e00000, 0x00000000c5e00000| Untracked 
|  95|0x00000000c5f00000, 0x00000000c5f00000, 0x00000000c6000000|  0%| F|  |TAMS 0x00000000c5f00000, 0x00000000c5f00000| Untracked 
|  96|0x00000000c6000000, 0x00000000c6000000, 0x00000000c6100000|  0%| F|  |TAMS 0x00000000c6000000, 0x00000000c6000000| Untracked 
|  97|0x00000000c6100000, 0x00000000c6100000, 0x00000000c6200000|  0%| F|  |TAMS 0x00000000c6100000, 0x00000000c6100000| Untracked 
|  98|0x00000000c6200000, 0x00000000c6200000, 0x00000000c6300000|  0%| F|  |TAMS 0x00000000c6200000, 0x00000000c6200000| Untracked 
|  99|0x00000000c6300000, 0x00000000c6300000, 0x00000000c6400000|  0%| F|  |TAMS 0x00000000c6300000, 0x00000000c6300000| Untracked 
| 100|0x00000000c6400000, 0x00000000c6400000, 0x00000000c6500000|  0%| F|  |TAMS 0x00000000c6400000, 0x00000000c6400000| Untracked 
| 101|0x00000000c6500000, 0x00000000c6500000, 0x00000000c6600000|  0%| F|  |TAMS 0x00000000c6500000, 0x00000000c6500000| Untracked 
| 102|0x00000000c6600000, 0x00000000c6600000, 0x00000000c6700000|  0%| F|  |TAMS 0x00000000c6600000, 0x00000000c6600000| Untracked 
| 103|0x00000000c6700000, 0x00000000c6700000, 0x00000000c6800000|  0%| F|  |TAMS 0x00000000c6700000, 0x00000000c6700000| Untracked 
| 104|0x00000000c6800000, 0x00000000c6800000, 0x00000000c6900000|  0%| F|  |TAMS 0x00000000c6800000, 0x00000000c6800000| Untracked 
| 105|0x00000000c6900000, 0x00000000c6900000, 0x00000000c6a00000|  0%| F|  |TAMS 0x00000000c6900000, 0x00000000c6900000| Untracked 
| 106|0x00000000c6a00000, 0x00000000c6a00000, 0x00000000c6b00000|  0%| F|  |TAMS 0x00000000c6a00000, 0x00000000c6a00000| Untracked 
| 107|0x00000000c6b00000, 0x00000000c6c00000, 0x00000000c6c00000|100%| O|  |TAMS 0x00000000c6c00000, 0x00000000c6b00000| Untracked 
| 108|0x00000000c6c00000, 0x00000000c6d00000, 0x00000000c6d00000|100%| O|  |TAMS 0x00000000c6d00000, 0x00000000c6c00000| Untracked 
| 109|0x00000000c6d00000, 0x00000000c6e00000, 0x00000000c6e00000|100%| O|  |TAMS 0x00000000c6e00000, 0x00000000c6d00000| Untracked 
| 110|0x00000000c6e00000, 0x00000000c6e00000, 0x00000000c6f00000|  0%| F|  |TAMS 0x00000000c6e00000, 0x00000000c6e00000| Untracked 
| 111|0x00000000c6f00000, 0x00000000c6f00000, 0x00000000c7000000|  0%| F|  |TAMS 0x00000000c6f00000, 0x00000000c6f00000| Untracked 
| 112|0x00000000c7000000, 0x00000000c7000000, 0x00000000c7100000|  0%| F|  |TAMS 0x00000000c7000000, 0x00000000c7000000| Untracked 
| 113|0x00000000c7100000, 0x00000000c7100000, 0x00000000c7200000|  0%| F|  |TAMS 0x00000000c7100000, 0x00000000c7100000| Untracked 
| 114|0x00000000c7200000, 0x00000000c7200000, 0x00000000c7300000|  0%| F|  |TAMS 0x00000000c7200000, 0x00000000c7200000| Untracked 
| 115|0x00000000c7300000, 0x00000000c7300000, 0x00000000c7400000|  0%| F|  |TAMS 0x00000000c7300000, 0x00000000c7300000| Untracked 
| 116|0x00000000c7400000, 0x00000000c7400000, 0x00000000c7500000|  0%| F|  |TAMS 0x00000000c7400000, 0x00000000c7400000| Untracked 
| 117|0x00000000c7500000, 0x00000000c7500000, 0x00000000c7600000|  0%| F|  |TAMS 0x00000000c7500000, 0x00000000c7500000| Untracked 
| 118|0x00000000c7600000, 0x00000000c7600000, 0x00000000c7700000|  0%| F|  |TAMS 0x00000000c7600000, 0x00000000c7600000| Untracked 
| 119|0x00000000c7700000, 0x00000000c7700000, 0x00000000c7800000|  0%| F|  |TAMS 0x00000000c7700000, 0x00000000c7700000| Untracked 
| 120|0x00000000c7800000, 0x00000000c7800000, 0x00000000c7900000|  0%| F|  |TAMS 0x00000000c7800000, 0x00000000c7800000| Untracked 
| 121|0x00000000c7900000, 0x00000000c7900000, 0x00000000c7a00000|  0%| F|  |TAMS 0x00000000c7900000, 0x00000000c7900000| Untracked 
| 122|0x00000000c7a00000, 0x00000000c7a00000, 0x00000000c7b00000|  0%| F|  |TAMS 0x00000000c7a00000, 0x00000000c7a00000| Untracked 
| 123|0x00000000c7b00000, 0x00000000c7b00000, 0x00000000c7c00000|  0%| F|  |TAMS 0x00000000c7b00000, 0x00000000c7b00000| Untracked 
| 124|0x00000000c7c00000, 0x00000000c7c00000, 0x00000000c7d00000|  0%| F|  |TAMS 0x00000000c7c00000, 0x00000000c7c00000| Untracked 
| 125|0x00000000c7d00000, 0x00000000c7d00000, 0x00000000c7e00000|  0%| F|  |TAMS 0x00000000c7d00000, 0x00000000c7d00000| Untracked 
| 126|0x00000000c7e00000, 0x00000000c7e00000, 0x00000000c7f00000|  0%| F|  |TAMS 0x00000000c7e00000, 0x00000000c7e00000| Untracked 
| 127|0x00000000c7f00000, 0x00000000c7f00000, 0x00000000c8000000|  0%| F|  |TAMS 0x00000000c7f00000, 0x00000000c7f00000| Untracked 
| 128|0x00000000c8000000, 0x00000000c8100000, 0x00000000c8100000|100%|HS|  |TAMS 0x00000000c8100000, 0x00000000c8000000| Untracked 
| 129|0x00000000c8100000, 0x00000000c8200000, 0x00000000c8200000|100%|HC|  |TAMS 0x00000000c8200000, 0x00000000c8100000| Untracked 
| 130|0x00000000c8200000, 0x00000000c8300000, 0x00000000c8300000|100%|HC|  |TAMS 0x00000000c8300000, 0x00000000c8200000| Untracked 
| 131|0x00000000c8300000, 0x00000000c8300000, 0x00000000c8400000|  0%| F|  |TAMS 0x00000000c8300000, 0x00000000c8300000| Untracked 
| 132|0x00000000c8400000, 0x00000000c8400000, 0x00000000c8500000|  0%| F|  |TAMS 0x00000000c8400000, 0x00000000c8400000| Untracked 
| 133|0x00000000c8500000, 0x00000000c8500000, 0x00000000c8600000|  0%| F|  |TAMS 0x00000000c8500000, 0x00000000c8500000| Untracked 
| 134|0x00000000c8600000, 0x00000000c8600000, 0x00000000c8700000|  0%| F|  |TAMS 0x00000000c8600000, 0x00000000c8600000| Untracked 
| 135|0x00000000c8700000, 0x00000000c8700000, 0x00000000c8800000|  0%| F|  |TAMS 0x00000000c8700000, 0x00000000c8700000| Untracked 
| 136|0x00000000c8800000, 0x00000000c8800000, 0x00000000c8900000|  0%| F|  |TAMS 0x00000000c8800000, 0x00000000c8800000| Untracked 
| 137|0x00000000c8900000, 0x00000000c8900000, 0x00000000c8a00000|  0%| F|  |TAMS 0x00000000c8900000, 0x00000000c8900000| Untracked 
| 138|0x00000000c8a00000, 0x00000000c8a00000, 0x00000000c8b00000|  0%| F|  |TAMS 0x00000000c8a00000, 0x00000000c8a00000| Untracked 
| 139|0x00000000c8b00000, 0x00000000c8b00000, 0x00000000c8c00000|  0%| F|  |TAMS 0x00000000c8b00000, 0x00000000c8b00000| Untracked 
| 140|0x00000000c8c00000, 0x00000000c8c00000, 0x00000000c8d00000|  0%| F|  |TAMS 0x00000000c8c00000, 0x00000000c8c00000| Untracked 
| 141|0x00000000c8d00000, 0x00000000c8d00000, 0x00000000c8e00000|  0%| F|  |TAMS 0x00000000c8d00000, 0x00000000c8d00000| Untracked 
| 142|0x00000000c8e00000, 0x00000000c8e00000, 0x00000000c8f00000|  0%| F|  |TAMS 0x00000000c8e00000, 0x00000000c8e00000| Untracked 
| 143|0x00000000c8f00000, 0x00000000c8f00000, 0x00000000c9000000|  0%| F|  |TAMS 0x00000000c8f00000, 0x00000000c8f00000| Untracked 
| 144|0x00000000c9000000, 0x00000000c9000000, 0x00000000c9100000|  0%| F|  |TAMS 0x00000000c9000000, 0x00000000c9000000| Untracked 
| 145|0x00000000c9100000, 0x00000000c9100000, 0x00000000c9200000|  0%| F|  |TAMS 0x00000000c9100000, 0x00000000c9100000| Untracked 
| 146|0x00000000c9200000, 0x00000000c9300000, 0x00000000c9300000|100%| O|  |TAMS 0x00000000c9300000, 0x00000000c9200000| Untracked 
| 147|0x00000000c9300000, 0x00000000c9400000, 0x00000000c9400000|100%| O|  |TAMS 0x00000000c9400000, 0x00000000c9300000| Untracked 
| 148|0x00000000c9400000, 0x00000000c9400000, 0x00000000c9500000|  0%| F|  |TAMS 0x00000000c9400000, 0x00000000c9400000| Untracked 
| 149|0x00000000c9500000, 0x00000000c9600000, 0x00000000c9600000|100%| O|  |TAMS 0x00000000c9600000, 0x00000000c9500000| Untracked 
| 150|0x00000000c9600000, 0x00000000c9600000, 0x00000000c9700000|  0%| F|  |TAMS 0x00000000c9600000, 0x00000000c9600000| Untracked 
| 151|0x00000000c9700000, 0x00000000c9700000, 0x00000000c9800000|  0%| F|  |TAMS 0x00000000c9700000, 0x00000000c9700000| Untracked 
| 152|0x00000000c9800000, 0x00000000c9800000, 0x00000000c9900000|  0%| F|  |TAMS 0x00000000c9800000, 0x00000000c9800000| Untracked 
| 153|0x00000000c9900000, 0x00000000c9900000, 0x00000000c9a00000|  0%| F|  |TAMS 0x00000000c9900000, 0x00000000c9900000| Untracked 
| 154|0x00000000c9a00000, 0x00000000c9b00000, 0x00000000c9b00000|100%| O|  |TAMS 0x00000000c9b00000, 0x00000000c9a00000| Untracked 
| 155|0x00000000c9b00000, 0x00000000c9c00000, 0x00000000c9c00000|100%| O|  |TAMS 0x00000000c9c00000, 0x00000000c9b00000| Untracked 
| 156|0x00000000c9c00000, 0x00000000c9d00000, 0x00000000c9d00000|100%| O|  |TAMS 0x00000000c9d00000, 0x00000000c9c00000| Untracked 
| 157|0x00000000c9d00000, 0x00000000c9e00000, 0x00000000c9e00000|100%| O|  |TAMS 0x00000000c9e00000, 0x00000000c9d00000| Untracked 
| 158|0x00000000c9e00000, 0x00000000c9e00000, 0x00000000c9f00000|  0%| F|  |TAMS 0x00000000c9e00000, 0x00000000c9e00000| Untracked 
| 159|0x00000000c9f00000, 0x00000000c9f00000, 0x00000000ca000000|  0%| F|  |TAMS 0x00000000c9f00000, 0x00000000c9f00000| Untracked 
| 160|0x00000000ca000000, 0x00000000ca000000, 0x00000000ca100000|  0%| F|  |TAMS 0x00000000ca000000, 0x00000000ca000000| Untracked 
| 161|0x00000000ca100000, 0x00000000ca100000, 0x00000000ca200000|  0%| F|  |TAMS 0x00000000ca100000, 0x00000000ca100000| Untracked 
| 162|0x00000000ca200000, 0x00000000ca200000, 0x00000000ca300000|  0%| F|  |TAMS 0x00000000ca200000, 0x00000000ca200000| Untracked 
| 163|0x00000000ca300000, 0x00000000ca300000, 0x00000000ca400000|  0%| F|  |TAMS 0x00000000ca300000, 0x00000000ca300000| Untracked 
| 164|0x00000000ca400000, 0x00000000ca400000, 0x00000000ca500000|  0%| F|  |TAMS 0x00000000ca400000, 0x00000000ca400000| Untracked 
| 165|0x00000000ca500000, 0x00000000ca500000, 0x00000000ca600000|  0%| F|  |TAMS 0x00000000ca500000, 0x00000000ca500000| Untracked 
| 166|0x00000000ca600000, 0x00000000ca600000, 0x00000000ca700000|  0%| F|  |TAMS 0x00000000ca600000, 0x00000000ca600000| Untracked 
| 167|0x00000000ca700000, 0x00000000ca700000, 0x00000000ca800000|  0%| F|  |TAMS 0x00000000ca700000, 0x00000000ca700000| Untracked 
| 168|0x00000000ca800000, 0x00000000ca800000, 0x00000000ca900000|  0%| F|  |TAMS 0x00000000ca800000, 0x00000000ca800000| Untracked 
| 169|0x00000000ca900000, 0x00000000ca900000, 0x00000000caa00000|  0%| F|  |TAMS 0x00000000ca900000, 0x00000000ca900000| Untracked 
| 170|0x00000000caa00000, 0x00000000caa00000, 0x00000000cab00000|  0%| F|  |TAMS 0x00000000caa00000, 0x00000000caa00000| Untracked 
| 171|0x00000000cab00000, 0x00000000cab00000, 0x00000000cac00000|  0%| F|  |TAMS 0x00000000cab00000, 0x00000000cab00000| Untracked 
| 172|0x00000000cac00000, 0x00000000cac00000, 0x00000000cad00000|  0%| F|  |TAMS 0x00000000cac00000, 0x00000000cac00000| Untracked 
| 173|0x00000000cad00000, 0x00000000cad00000, 0x00000000cae00000|  0%| F|  |TAMS 0x00000000cad00000, 0x00000000cad00000| Untracked 
| 174|0x00000000cae00000, 0x00000000cae00000, 0x00000000caf00000|  0%| F|  |TAMS 0x00000000cae00000, 0x00000000cae00000| Untracked 
| 175|0x00000000caf00000, 0x00000000caf00000, 0x00000000cb000000|  0%| F|  |TAMS 0x00000000caf00000, 0x00000000caf00000| Untracked 
| 176|0x00000000cb000000, 0x00000000cb000000, 0x00000000cb100000|  0%| F|  |TAMS 0x00000000cb000000, 0x00000000cb000000| Untracked 
| 177|0x00000000cb100000, 0x00000000cb100000, 0x00000000cb200000|  0%| F|  |TAMS 0x00000000cb100000, 0x00000000cb100000| Untracked 
| 178|0x00000000cb200000, 0x00000000cb200000, 0x00000000cb300000|  0%| F|  |TAMS 0x00000000cb200000, 0x00000000cb200000| Untracked 
| 179|0x00000000cb300000, 0x00000000cb300000, 0x00000000cb400000|  0%| F|  |TAMS 0x00000000cb300000, 0x00000000cb300000| Untracked 
| 180|0x00000000cb400000, 0x00000000cb400000, 0x00000000cb500000|  0%| F|  |TAMS 0x00000000cb400000, 0x00000000cb400000| Untracked 
| 181|0x00000000cb500000, 0x00000000cb500000, 0x00000000cb600000|  0%| F|  |TAMS 0x00000000cb500000, 0x00000000cb500000| Untracked 
| 182|0x00000000cb600000, 0x00000000cb600000, 0x00000000cb700000|  0%| F|  |TAMS 0x00000000cb600000, 0x00000000cb600000| Untracked 
| 183|0x00000000cb700000, 0x00000000cb700000, 0x00000000cb800000|  0%| F|  |TAMS 0x00000000cb700000, 0x00000000cb700000| Untracked 
| 184|0x00000000cb800000, 0x00000000cb800000, 0x00000000cb900000|  0%| F|  |TAMS 0x00000000cb800000, 0x00000000cb800000| Untracked 
| 185|0x00000000cb900000, 0x00000000cb900000, 0x00000000cba00000|  0%| F|  |TAMS 0x00000000cb900000, 0x00000000cb900000| Untracked 
| 186|0x00000000cba00000, 0x00000000cba00000, 0x00000000cbb00000|  0%| F|  |TAMS 0x00000000cba00000, 0x00000000cba00000| Untracked 
| 187|0x00000000cbb00000, 0x00000000cbb00000, 0x00000000cbc00000|  0%| F|  |TAMS 0x00000000cbb00000, 0x00000000cbb00000| Untracked 
| 188|0x00000000cbc00000, 0x00000000cbc00000, 0x00000000cbd00000|  0%| F|  |TAMS 0x00000000cbc00000, 0x00000000cbc00000| Untracked 
| 189|0x00000000cbd00000, 0x00000000cbd00000, 0x00000000cbe00000|  0%| F|  |TAMS 0x00000000cbd00000, 0x00000000cbd00000| Untracked 
| 190|0x00000000cbe00000, 0x00000000cbe00000, 0x00000000cbf00000|  0%| F|  |TAMS 0x00000000cbe00000, 0x00000000cbe00000| Untracked 
| 191|0x00000000cbf00000, 0x00000000cbf00000, 0x00000000cc000000|  0%| F|  |TAMS 0x00000000cbf00000, 0x00000000cbf00000| Untracked 
| 192|0x00000000cc000000, 0x00000000cc000000, 0x00000000cc100000|  0%| F|  |TAMS 0x00000000cc000000, 0x00000000cc000000| Untracked 
| 193|0x00000000cc100000, 0x00000000cc100000, 0x00000000cc200000|  0%| F|  |TAMS 0x00000000cc100000, 0x00000000cc100000| Untracked 
| 194|0x00000000cc200000, 0x00000000cc200000, 0x00000000cc300000|  0%| F|  |TAMS 0x00000000cc200000, 0x00000000cc200000| Untracked 
| 195|0x00000000cc300000, 0x00000000cc300000, 0x00000000cc400000|  0%| F|  |TAMS 0x00000000cc300000, 0x00000000cc300000| Untracked 
| 196|0x00000000cc400000, 0x00000000cc400000, 0x00000000cc500000|  0%| F|  |TAMS 0x00000000cc400000, 0x00000000cc400000| Untracked 
| 197|0x00000000cc500000, 0x00000000cc500000, 0x00000000cc600000|  0%| F|  |TAMS 0x00000000cc500000, 0x00000000cc500000| Untracked 
| 198|0x00000000cc600000, 0x00000000cc600000, 0x00000000cc700000|  0%| F|  |TAMS 0x00000000cc600000, 0x00000000cc600000| Untracked 
| 199|0x00000000cc700000, 0x00000000cc700000, 0x00000000cc800000|  0%| F|  |TAMS 0x00000000cc700000, 0x00000000cc700000| Untracked 
| 200|0x00000000cc800000, 0x00000000cc800000, 0x00000000cc900000|  0%| F|  |TAMS 0x00000000cc800000, 0x00000000cc800000| Untracked 
| 201|0x00000000cc900000, 0x00000000cc900000, 0x00000000cca00000|  0%| F|  |TAMS 0x00000000cc900000, 0x00000000cc900000| Untracked 
| 202|0x00000000cca00000, 0x00000000cca00000, 0x00000000ccb00000|  0%| F|  |TAMS 0x00000000cca00000, 0x00000000cca00000| Untracked 
| 203|0x00000000ccb00000, 0x00000000ccb00000, 0x00000000ccc00000|  0%| F|  |TAMS 0x00000000ccb00000, 0x00000000ccb00000| Untracked 
| 204|0x00000000ccc00000, 0x00000000ccc00000, 0x00000000ccd00000|  0%| F|  |TAMS 0x00000000ccc00000, 0x00000000ccc00000| Untracked 
| 205|0x00000000ccd00000, 0x00000000ccd00000, 0x00000000cce00000|  0%| F|  |TAMS 0x00000000ccd00000, 0x00000000ccd00000| Untracked 
| 206|0x00000000cce00000, 0x00000000cce00000, 0x00000000ccf00000|  0%| F|  |TAMS 0x00000000cce00000, 0x00000000cce00000| Untracked 
| 207|0x00000000ccf00000, 0x00000000ccf00000, 0x00000000cd000000|  0%| F|  |TAMS 0x00000000ccf00000, 0x00000000ccf00000| Untracked 
| 208|0x00000000cd000000, 0x00000000cd000000, 0x00000000cd100000|  0%| F|  |TAMS 0x00000000cd000000, 0x00000000cd000000| Untracked 
| 209|0x00000000cd100000, 0x00000000cd100000, 0x00000000cd200000|  0%| F|  |TAMS 0x00000000cd100000, 0x00000000cd100000| Untracked 
| 210|0x00000000cd200000, 0x00000000cd200000, 0x00000000cd300000|  0%| F|  |TAMS 0x00000000cd200000, 0x00000000cd200000| Untracked 
| 211|0x00000000cd300000, 0x00000000cd300000, 0x00000000cd400000|  0%| F|  |TAMS 0x00000000cd300000, 0x00000000cd300000| Untracked 
| 212|0x00000000cd400000, 0x00000000cd400000, 0x00000000cd500000|  0%| F|  |TAMS 0x00000000cd400000, 0x00000000cd400000| Untracked 
| 213|0x00000000cd500000, 0x00000000cd500000, 0x00000000cd600000|  0%| F|  |TAMS 0x00000000cd500000, 0x00000000cd500000| Untracked 
| 214|0x00000000cd600000, 0x00000000cd600000, 0x00000000cd700000|  0%| F|  |TAMS 0x00000000cd600000, 0x00000000cd600000| Untracked 
| 215|0x00000000cd700000, 0x00000000cd700000, 0x00000000cd800000|  0%| F|  |TAMS 0x00000000cd700000, 0x00000000cd700000| Untracked 
| 216|0x00000000cd800000, 0x00000000cd800000, 0x00000000cd900000|  0%| F|  |TAMS 0x00000000cd800000, 0x00000000cd800000| Untracked 
| 217|0x00000000cd900000, 0x00000000cd900000, 0x00000000cda00000|  0%| F|  |TAMS 0x00000000cd900000, 0x00000000cd900000| Untracked 
| 218|0x00000000cda00000, 0x00000000cda00000, 0x00000000cdb00000|  0%| F|  |TAMS 0x00000000cda00000, 0x00000000cda00000| Untracked 
| 219|0x00000000cdb00000, 0x00000000cdb00000, 0x00000000cdc00000|  0%| F|  |TAMS 0x00000000cdb00000, 0x00000000cdb00000| Untracked 
| 220|0x00000000cdc00000, 0x00000000cdc00000, 0x00000000cdd00000|  0%| F|  |TAMS 0x00000000cdc00000, 0x00000000cdc00000| Untracked 
| 221|0x00000000cdd00000, 0x00000000cdd00000, 0x00000000cde00000|  0%| F|  |TAMS 0x00000000cdd00000, 0x00000000cdd00000| Untracked 
| 222|0x00000000cde00000, 0x00000000cde00000, 0x00000000cdf00000|  0%| F|  |TAMS 0x00000000cde00000, 0x00000000cde00000| Untracked 
| 223|0x00000000cdf00000, 0x00000000cdf00000, 0x00000000ce000000|  0%| F|  |TAMS 0x00000000cdf00000, 0x00000000cdf00000| Untracked 
| 224|0x00000000ce000000, 0x00000000ce000000, 0x00000000ce100000|  0%| F|  |TAMS 0x00000000ce000000, 0x00000000ce000000| Untracked 
| 225|0x00000000ce100000, 0x00000000ce100000, 0x00000000ce200000|  0%| F|  |TAMS 0x00000000ce100000, 0x00000000ce100000| Untracked 
| 226|0x00000000ce200000, 0x00000000ce200000, 0x00000000ce300000|  0%| F|  |TAMS 0x00000000ce200000, 0x00000000ce200000| Untracked 
| 227|0x00000000ce300000, 0x00000000ce300000, 0x00000000ce400000|  0%| F|  |TAMS 0x00000000ce300000, 0x00000000ce300000| Untracked 
| 228|0x00000000ce400000, 0x00000000ce400000, 0x00000000ce500000|  0%| F|  |TAMS 0x00000000ce400000, 0x00000000ce400000| Untracked 
| 229|0x00000000ce500000, 0x00000000ce500000, 0x00000000ce600000|  0%| F|  |TAMS 0x00000000ce500000, 0x00000000ce500000| Untracked 
| 230|0x00000000ce600000, 0x00000000ce600000, 0x00000000ce700000|  0%| F|  |TAMS 0x00000000ce600000, 0x00000000ce600000| Untracked 
| 231|0x00000000ce700000, 0x00000000ce700000, 0x00000000ce800000|  0%| F|  |TAMS 0x00000000ce700000, 0x00000000ce700000| Untracked 
| 232|0x00000000ce800000, 0x00000000ce800000, 0x00000000ce900000|  0%| F|  |TAMS 0x00000000ce800000, 0x00000000ce800000| Untracked 
| 233|0x00000000ce900000, 0x00000000ce900000, 0x00000000cea00000|  0%| F|  |TAMS 0x00000000ce900000, 0x00000000ce900000| Untracked 
| 234|0x00000000cea00000, 0x00000000cea00000, 0x00000000ceb00000|  0%| F|  |TAMS 0x00000000cea00000, 0x00000000cea00000| Untracked 
| 235|0x00000000ceb00000, 0x00000000ceb00000, 0x00000000cec00000|  0%| F|  |TAMS 0x00000000ceb00000, 0x00000000ceb00000| Untracked 
| 236|0x00000000cec00000, 0x00000000cec00000, 0x00000000ced00000|  0%| F|  |TAMS 0x00000000cec00000, 0x00000000cec00000| Untracked 
| 237|0x00000000ced00000, 0x00000000ced00000, 0x00000000cee00000|  0%| F|  |TAMS 0x00000000ced00000, 0x00000000ced00000| Untracked 
| 238|0x00000000cee00000, 0x00000000cee00000, 0x00000000cef00000|  0%| F|  |TAMS 0x00000000cee00000, 0x00000000cee00000| Untracked 
| 239|0x00000000cef00000, 0x00000000cef00000, 0x00000000cf000000|  0%| F|  |TAMS 0x00000000cef00000, 0x00000000cef00000| Untracked 
| 240|0x00000000cf000000, 0x00000000cf000000, 0x00000000cf100000|  0%| F|  |TAMS 0x00000000cf000000, 0x00000000cf000000| Untracked 
| 241|0x00000000cf100000, 0x00000000cf100000, 0x00000000cf200000|  0%| F|  |TAMS 0x00000000cf100000, 0x00000000cf100000| Untracked 
| 242|0x00000000cf200000, 0x00000000cf200000, 0x00000000cf300000|  0%| F|  |TAMS 0x00000000cf200000, 0x00000000cf200000| Untracked 
| 243|0x00000000cf300000, 0x00000000cf300000, 0x00000000cf400000|  0%| F|  |TAMS 0x00000000cf300000, 0x00000000cf300000| Untracked 
| 244|0x00000000cf400000, 0x00000000cf400000, 0x00000000cf500000|  0%| F|  |TAMS 0x00000000cf400000, 0x00000000cf400000| Untracked 
| 245|0x00000000cf500000, 0x00000000cf500000, 0x00000000cf600000|  0%| F|  |TAMS 0x00000000cf500000, 0x00000000cf500000| Untracked 
| 246|0x00000000cf600000, 0x00000000cf600000, 0x00000000cf700000|  0%| F|  |TAMS 0x00000000cf600000, 0x00000000cf600000| Untracked 
| 247|0x00000000cf700000, 0x00000000cf700000, 0x00000000cf800000|  0%| F|  |TAMS 0x00000000cf700000, 0x00000000cf700000| Untracked 
| 248|0x00000000cf800000, 0x00000000cf800000, 0x00000000cf900000|  0%| F|  |TAMS 0x00000000cf800000, 0x00000000cf800000| Untracked 
| 249|0x00000000cf900000, 0x00000000cf900000, 0x00000000cfa00000|  0%| F|  |TAMS 0x00000000cf900000, 0x00000000cf900000| Untracked 
| 250|0x00000000cfa00000, 0x00000000cfa00000, 0x00000000cfb00000|  0%| F|  |TAMS 0x00000000cfa00000, 0x00000000cfa00000| Untracked 
| 251|0x00000000cfb00000, 0x00000000cfb00000, 0x00000000cfc00000|  0%| F|  |TAMS 0x00000000cfb00000, 0x00000000cfb00000| Untracked 
| 252|0x00000000cfc00000, 0x00000000cfc00000, 0x00000000cfd00000|  0%| F|  |TAMS 0x00000000cfc00000, 0x00000000cfc00000| Untracked 
| 253|0x00000000cfd00000, 0x00000000cfd00000, 0x00000000cfe00000|  0%| F|  |TAMS 0x00000000cfd00000, 0x00000000cfd00000| Untracked 
| 254|0x00000000cfe00000, 0x00000000cfe00000, 0x00000000cff00000|  0%| F|  |TAMS 0x00000000cfe00000, 0x00000000cfe00000| Untracked 
| 255|0x00000000cff00000, 0x00000000cff00000, 0x00000000d0000000|  0%| F|  |TAMS 0x00000000cff00000, 0x00000000cff00000| Untracked 
| 256|0x00000000d0000000, 0x00000000d0000000, 0x00000000d0100000|  0%| F|  |TAMS 0x00000000d0000000, 0x00000000d0000000| Untracked 
| 257|0x00000000d0100000, 0x00000000d0100000, 0x00000000d0200000|  0%| F|  |TAMS 0x00000000d0100000, 0x00000000d0100000| Untracked 
| 258|0x00000000d0200000, 0x00000000d0200000, 0x00000000d0300000|  0%| F|  |TAMS 0x00000000d0200000, 0x00000000d0200000| Untracked 
| 259|0x00000000d0300000, 0x00000000d0300000, 0x00000000d0400000|  0%| F|  |TAMS 0x00000000d0300000, 0x00000000d0300000| Untracked 
| 260|0x00000000d0400000, 0x00000000d0400000, 0x00000000d0500000|  0%| F|  |TAMS 0x00000000d0400000, 0x00000000d0400000| Untracked 
| 261|0x00000000d0500000, 0x00000000d0500000, 0x00000000d0600000|  0%| F|  |TAMS 0x00000000d0500000, 0x00000000d0500000| Untracked 
| 262|0x00000000d0600000, 0x00000000d0600000, 0x00000000d0700000|  0%| F|  |TAMS 0x00000000d0600000, 0x00000000d0600000| Untracked 
| 263|0x00000000d0700000, 0x00000000d0700000, 0x00000000d0800000|  0%| F|  |TAMS 0x00000000d0700000, 0x00000000d0700000| Untracked 
| 264|0x00000000d0800000, 0x00000000d0800000, 0x00000000d0900000|  0%| F|  |TAMS 0x00000000d0800000, 0x00000000d0800000| Untracked 
| 265|0x00000000d0900000, 0x00000000d0900000, 0x00000000d0a00000|  0%| F|  |TAMS 0x00000000d0900000, 0x00000000d0900000| Untracked 
| 266|0x00000000d0a00000, 0x00000000d0a00000, 0x00000000d0b00000|  0%| F|  |TAMS 0x00000000d0a00000, 0x00000000d0a00000| Untracked 
| 267|0x00000000d0b00000, 0x00000000d0b00000, 0x00000000d0c00000|  0%| F|  |TAMS 0x00000000d0b00000, 0x00000000d0b00000| Untracked 
| 268|0x00000000d0c00000, 0x00000000d0c00000, 0x00000000d0d00000|  0%| F|  |TAMS 0x00000000d0c00000, 0x00000000d0c00000| Untracked 
| 269|0x00000000d0d00000, 0x00000000d0d00000, 0x00000000d0e00000|  0%| F|  |TAMS 0x00000000d0d00000, 0x00000000d0d00000| Untracked 
| 270|0x00000000d0e00000, 0x00000000d0e00000, 0x00000000d0f00000|  0%| F|  |TAMS 0x00000000d0e00000, 0x00000000d0e00000| Untracked 
| 271|0x00000000d0f00000, 0x00000000d0f00000, 0x00000000d1000000|  0%| F|  |TAMS 0x00000000d0f00000, 0x00000000d0f00000| Untracked 
| 272|0x00000000d1000000, 0x00000000d1000000, 0x00000000d1100000|  0%| F|  |TAMS 0x00000000d1000000, 0x00000000d1000000| Untracked 
| 273|0x00000000d1100000, 0x00000000d1100000, 0x00000000d1200000|  0%| F|  |TAMS 0x00000000d1100000, 0x00000000d1100000| Untracked 
| 274|0x00000000d1200000, 0x00000000d1200000, 0x00000000d1300000|  0%| F|  |TAMS 0x00000000d1200000, 0x00000000d1200000| Untracked 
| 275|0x00000000d1300000, 0x00000000d1300000, 0x00000000d1400000|  0%| F|  |TAMS 0x00000000d1300000, 0x00000000d1300000| Untracked 
| 276|0x00000000d1400000, 0x00000000d14060d0, 0x00000000d1500000|  2%| E|  |TAMS 0x00000000d1400000, 0x00000000d1400000| Complete 

Card table byte_map: [0x000002a1e5f70000,0x000002a1e6170000] _byte_map_base: 0x000002a1e5970000

Marking Bits (Prev, Next): (CMBitMap*) 0x000002a1e0026100, (CMBitMap*) 0x000002a1e00260c0
 Prev Bits: [0x000002a1e7370000, 0x000002a1e8370000)
 Next Bits: [0x000002a1e6370000, 0x000002a1e7370000)

Polling page: 0x000002a1df7a0000

Metaspace:

Usage:
  Non-class:     59.83 MB used.
      Class:      9.41 MB used.
       Both:     69.24 MB used.

Virtual space:
  Non-class space:       64.00 MB reserved,      60.12 MB ( 94%) committed,  8 nodes.
      Class space:        1.00 GB reserved,       9.62 MB ( <1%) committed,  1 nodes.
             Both:        1.06 GB reserved,      69.75 MB (  6%) committed. 

Chunk freelists:
   Non-Class:  3.64 MB
       Class:  2.43 MB
        Both:  6.08 MB

MaxMetaspaceSize: unlimited
CompressedClassSpaceSize: 1.00 GB
Initial GC threshold: 21.00 MB
Current GC threshold: 116.25 MB
CDS: off
MetaspaceReclaimPolicy: balanced
 - commit_granule_bytes: 65536.
 - commit_granule_words: 8192.
 - virtual_space_node_default_size: 1048576.
 - enlarge_chunks_in_place: 1.
 - new_chunks_are_fully_committed: 0.
 - uncommit_free_chunks: 1.
 - use_allocation_guard: 0.
 - handle_deallocations: 1.


Internal statistics:

num_allocs_failed_limit: 6.
num_arena_births: 754.
num_arena_deaths: 234.
num_vsnodes_births: 9.
num_vsnodes_deaths: 0.
num_space_committed: 1116.
num_space_uncommitted: 0.
num_chunks_returned_to_freelist: 285.
num_chunks_taken_from_freelist: 3122.
num_chunk_merges: 92.
num_chunk_splits: 2150.
num_chunks_enlarged: 1630.
num_purges: 16.
num_inconsistent_stats: 0.

CodeCache: size=49152Kb used=25805Kb max_used=26255Kb free=23346Kb
 bounds [0x000002a1e2c60000, 0x000002a1e4640000, 0x000002a1e5c60000]
 total_blobs=14441 nmethods=13747 adapters=619
 compilation: enabled
              stopped_count=0, restarted_count=0
 full_count=0

Compilation events (20 events):
Event: 44589.273 Thread 0x000002a1eae3aac0 13947       1       org.apache.commons.codec.binary.StringUtils::getBytesUtf8 (8 bytes)
Event: 44589.274 Thread 0x000002a1eae3aac0 nmethod 13947 0x000002a1e4537d90 code [0x000002a1e4537f20, 0x000002a1e4538028]
Event: 44589.274 Thread 0x000002a1eae3aac0 13948       1       org.apache.commons.codec.binary.StringUtils::getBytes (12 bytes)
Event: 44589.274 Thread 0x000002a1eae3aac0 nmethod 13948 0x000002a1e4537910 code [0x000002a1e4537ac0, 0x000002a1e4537c78]
Event: 44589.274 Thread 0x000002a1eae3aac0 13949       1       org.apache.commons.codec.digest.DigestUtils::md5 (8 bytes)
Event: 44589.274 Thread 0x000002a1eae3aac0 nmethod 13949 0x000002a1e4537310 code [0x000002a1e45374e0, 0x000002a1e45376f8]
Event: 44589.274 Thread 0x000002a1eae3aac0 13950       1       org.apache.commons.codec.digest.DigestUtils::getMd5Digest (6 bytes)
Event: 44589.275 Thread 0x000002a1eae3aac0 nmethod 13950 0x000002a1e4536f10 code [0x000002a1e45370c0, 0x000002a1e4537218]
Event: 44589.275 Thread 0x000002a1eae3aac0 13951   !   1       org.apache.commons.codec.digest.DigestUtils::getDigest (15 bytes)
Event: 44589.275 Thread 0x000002a1eae3aac0 nmethod 13951 0x000002a1e4536b10 code [0x000002a1e4536cc0, 0x000002a1e4536e18]
Event: 44589.466 Thread 0x000002a1eae3aac0 13952       1       org.eclipse.jdt.internal.compiler.lookup.SourceTypeBinding::getImplicitMethod (84 bytes)
Event: 44589.468 Thread 0x000002a1eae3aac0 nmethod 13952 0x000002a1e4536510 code [0x000002a1e45366c0, 0x000002a1e4536908]
Event: 44589.468 Thread 0x000002a1eae3aac0 13953       1       org.eclipse.jdt.internal.compiler.lookup.SourceTypeBinding::addDefaultAbstractMethods (485 bytes)
Event: 44589.475 Thread 0x000002a1eae3aac0 nmethod 13953 0x000002a1e4534310 code [0x000002a1e4534600, 0x000002a1e4535a78]
Event: 44589.482 Thread 0x000002a1eae3aac0 13954       1       org.springframework.ide.vscode.boot.java.utils.SpringIndexerJavaContext::getDependencies (5 bytes)
Event: 44589.483 Thread 0x000002a1eae3aac0 nmethod 13954 0x000002a1e4534010 code [0x000002a1e45341a0, 0x000002a1e4534278]
Event: 44820.333 Thread 0x000002a1eae3aac0 13955       1       java.lang.ProcessImpl$2::run (242 bytes)
Event: 44820.395 Thread 0x000002a1eae3aac0 nmethod 13955 0x000002a1e4532990 code [0x000002a1e4532c40, 0x000002a1e45339d8]
Event: 46139.970 Thread 0x000002a1eae3aac0 13957       1       java.lang.ProcessImpl::waitFor (136 bytes)
Event: 46139.981 Thread 0x000002a1eae3aac0 nmethod 13957 0x000002a1e4532110 code [0x000002a1e4532320, 0x000002a1e4532738]

GC Heap History (20 events):
Event: 47316.102 GC heap before
{Heap before GC invocations=885 (full 752):
 garbage-first heap   total 283648K, used 94176K [0x00000000c0000000, 0x0000000100000000)
  region size 1024K, 1 young (1024K), 0 survivors (0K)
 Metaspace       used 70902K, committed 71424K, reserved 1114112K
  class space    used 9632K, committed 9856K, reserved 1048576K
}
Event: 47316.189 GC heap after
{Heap after GC invocations=886 (full 753):
 garbage-first heap   total 283648K, used 94176K [0x00000000c0000000, 0x0000000100000000)
  region size 1024K, 0 young (0K), 0 survivors (0K)
 Metaspace       used 70902K, committed 71424K, reserved 1114112K
  class space    used 9632K, committed 9856K, reserved 1048576K
}
Event: 47327.643 GC heap before
{Heap before GC invocations=886 (full 753):
 garbage-first heap   total 283648K, used 94176K [0x00000000c0000000, 0x0000000100000000)
  region size 1024K, 1 young (1024K), 0 survivors (0K)
 Metaspace       used 70902K, committed 71424K, reserved 1114112K
  class space    used 9632K, committed 9856K, reserved 1048576K
}
Event: 47327.756 GC heap after
{Heap after GC invocations=887 (full 754):
 garbage-first heap   total 283648K, used 94176K [0x00000000c0000000, 0x0000000100000000)
  region size 1024K, 0 young (0K), 0 survivors (0K)
 Metaspace       used 70902K, committed 71424K, reserved 1114112K
  class space    used 9632K, committed 9856K, reserved 1048576K
}
Event: 47338.209 GC heap before
{Heap before GC invocations=887 (full 754):
 garbage-first heap   total 283648K, used 94176K [0x00000000c0000000, 0x0000000100000000)
  region size 1024K, 1 young (1024K), 0 survivors (0K)
 Metaspace       used 70902K, committed 71424K, reserved 1114112K
  class space    used 9632K, committed 9856K, reserved 1048576K
}
Event: 47338.306 GC heap after
{Heap after GC invocations=888 (full 755):
 garbage-first heap   total 283648K, used 94176K [0x00000000c0000000, 0x0000000100000000)
  region size 1024K, 0 young (0K), 0 survivors (0K)
 Metaspace       used 70902K, committed 71424K, reserved 1114112K
  class space    used 9632K, committed 9856K, reserved 1048576K
}
Event: 47351.667 GC heap before
{Heap before GC invocations=888 (full 755):
 garbage-first heap   total 283648K, used 94176K [0x00000000c0000000, 0x0000000100000000)
  region size 1024K, 1 young (1024K), 0 survivors (0K)
 Metaspace       used 70902K, committed 71424K, reserved 1114112K
  class space    used 9632K, committed 9856K, reserved 1048576K
}
Event: 47351.766 GC heap after
{Heap after GC invocations=889 (full 756):
 garbage-first heap   total 283648K, used 94176K [0x00000000c0000000, 0x0000000100000000)
  region size 1024K, 0 young (0K), 0 survivors (0K)
 Metaspace       used 70902K, committed 71424K, reserved 1114112K
  class space    used 9632K, committed 9856K, reserved 1048576K
}
Event: 47362.366 GC heap before
{Heap before GC invocations=889 (full 756):
 garbage-first heap   total 283648K, used 94176K [0x00000000c0000000, 0x0000000100000000)
  region size 1024K, 1 young (1024K), 0 survivors (0K)
 Metaspace       used 70902K, committed 71424K, reserved 1114112K
  class space    used 9632K, committed 9856K, reserved 1048576K
}
Event: 47362.451 GC heap after
{Heap after GC invocations=890 (full 757):
 garbage-first heap   total 283648K, used 94176K [0x00000000c0000000, 0x0000000100000000)
  region size 1024K, 0 young (0K), 0 survivors (0K)
 Metaspace       used 70902K, committed 71424K, reserved 1114112K
  class space    used 9632K, committed 9856K, reserved 1048576K
}
Event: 47372.757 GC heap before
{Heap before GC invocations=890 (full 757):
 garbage-first heap   total 283648K, used 94176K [0x00000000c0000000, 0x0000000100000000)
  region size 1024K, 1 young (1024K), 0 survivors (0K)
 Metaspace       used 70902K, committed 71424K, reserved 1114112K
  class space    used 9632K, committed 9856K, reserved 1048576K
}
Event: 47372.833 GC heap after
{Heap after GC invocations=891 (full 758):
 garbage-first heap   total 283648K, used 94176K [0x00000000c0000000, 0x0000000100000000)
  region size 1024K, 0 young (0K), 0 survivors (0K)
 Metaspace       used 70902K, committed 71424K, reserved 1114112K
  class space    used 9632K, committed 9856K, reserved 1048576K
}
Event: 47383.099 GC heap before
{Heap before GC invocations=891 (full 758):
 garbage-first heap   total 283648K, used 94176K [0x00000000c0000000, 0x0000000100000000)
  region size 1024K, 1 young (1024K), 0 survivors (0K)
 Metaspace       used 70902K, committed 71424K, reserved 1114112K
  class space    used 9632K, committed 9856K, reserved 1048576K
}
Event: 47383.182 GC heap after
{Heap after GC invocations=892 (full 759):
 garbage-first heap   total 283648K, used 94176K [0x00000000c0000000, 0x0000000100000000)
  region size 1024K, 0 young (0K), 0 survivors (0K)
 Metaspace       used 70902K, committed 71424K, reserved 1114112K
  class space    used 9632K, committed 9856K, reserved 1048576K
}
Event: 47394.058 GC heap before
{Heap before GC invocations=892 (full 759):
 garbage-first heap   total 283648K, used 94176K [0x00000000c0000000, 0x0000000100000000)
  region size 1024K, 1 young (1024K), 0 survivors (0K)
 Metaspace       used 70902K, committed 71424K, reserved 1114112K
  class space    used 9632K, committed 9856K, reserved 1048576K
}
Event: 47394.159 GC heap after
{Heap after GC invocations=893 (full 760):
 garbage-first heap   total 283648K, used 94176K [0x00000000c0000000, 0x0000000100000000)
  region size 1024K, 0 young (0K), 0 survivors (0K)
 Metaspace       used 70902K, committed 71424K, reserved 1114112K
  class space    used 9632K, committed 9856K, reserved 1048576K
}
Event: 47404.715 GC heap before
{Heap before GC invocations=893 (full 760):
 garbage-first heap   total 283648K, used 94176K [0x00000000c0000000, 0x0000000100000000)
  region size 1024K, 1 young (1024K), 0 survivors (0K)
 Metaspace       used 70902K, committed 71424K, reserved 1114112K
  class space    used 9632K, committed 9856K, reserved 1048576K
}
Event: 47404.824 GC heap after
{Heap after GC invocations=894 (full 761):
 garbage-first heap   total 283648K, used 94176K [0x00000000c0000000, 0x0000000100000000)
  region size 1024K, 0 young (0K), 0 survivors (0K)
 Metaspace       used 70902K, committed 71424K, reserved 1114112K
  class space    used 9632K, committed 9856K, reserved 1048576K
}
Event: 47415.423 GC heap before
{Heap before GC invocations=894 (full 761):
 garbage-first heap   total 283648K, used 94176K [0x00000000c0000000, 0x0000000100000000)
  region size 1024K, 1 young (1024K), 0 survivors (0K)
 Metaspace       used 70902K, committed 71424K, reserved 1114112K
  class space    used 9632K, committed 9856K, reserved 1048576K
}
Event: 47415.510 GC heap after
{Heap after GC invocations=895 (full 762):
 garbage-first heap   total 283648K, used 94176K [0x00000000c0000000, 0x0000000100000000)
  region size 1024K, 0 young (0K), 0 survivors (0K)
 Metaspace       used 70902K, committed 71424K, reserved 1114112K
  class space    used 9632K, committed 9856K, reserved 1048576K
}

Dll operation events (10 events):
Event: 0.034 Loaded shared library c:\Users\Youcode\.vscode\extensions\redhat.java-1.15.0-win32-x64\jre\17.0.6-win32-x86_64\bin\java.dll
Event: 0.602 Loaded shared library C:\Users\Youcode\.vscode\extensions\redhat.java-1.15.0-win32-x64\jre\17.0.6-win32-x86_64\bin\net.dll
Event: 0.606 Loaded shared library C:\Users\Youcode\.vscode\extensions\redhat.java-1.15.0-win32-x64\jre\17.0.6-win32-x86_64\bin\nio.dll
Event: 0.994 Loaded shared library C:\Users\Youcode\.vscode\extensions\redhat.java-1.15.0-win32-x64\jre\17.0.6-win32-x86_64\bin\zip.dll
Event: 9.419 Loaded shared library C:\Users\Youcode\.vscode\extensions\redhat.java-1.15.0-win32-x64\jre\17.0.6-win32-x86_64\bin\jimage.dll
Event: 10.418 Loaded shared library c:\Users\Youcode\.vscode\extensions\redhat.java-1.15.0-win32-x64\jre\17.0.6-win32-x86_64\bin\verify.dll
Event: 15.326 Loaded shared library C:\Users\Youcode\.vscode\extensions\redhat.java-1.15.0-win32-x64\jre\17.0.6-win32-x86_64\bin\management.dll
Event: 15.359 Loaded shared library C:\Users\Youcode\.vscode\extensions\redhat.java-1.15.0-win32-x64\jre\17.0.6-win32-x86_64\bin\management_ext.dll
Event: 19.177 Loaded shared library C:\Users\Youcode\.vscode\extensions\redhat.java-1.15.0-win32-x64\jre\17.0.6-win32-x86_64\bin\sunmscapi.dll
Event: 30.488 Loaded shared library C:\Users\Youcode\AppData\Local\Temp\snappy-1.1.8-9639ed26-b53c-4c6e-af8b-62159299b517-snappyjava.dll

Deoptimization events (20 events):
Event: 30.396 Thread 0x000002a1edc103e0 DEOPT PACKING pc=0x000002a1e3bf656c sp=0x000000b40c4fe150
Event: 30.396 Thread 0x000002a1edc103e0 DEOPT UNPACKING pc=0x000002a1e2cb7143 sp=0x000000b40c4fd6a0 mode 0
Event: 30.396 Thread 0x000002a1edc103e0 DEOPT PACKING pc=0x000002a1e3bf656c sp=0x000000b40c4fe480
Event: 30.396 Thread 0x000002a1edc103e0 DEOPT UNPACKING pc=0x000002a1e2cb7143 sp=0x000000b40c4fd9d0 mode 0
Event: 30.396 Thread 0x000002a1edc103e0 DEOPT PACKING pc=0x000002a1e3bf656c sp=0x000000b40c4fe780
Event: 30.396 Thread 0x000002a1edc103e0 DEOPT UNPACKING pc=0x000002a1e2cb7143 sp=0x000000b40c4fdcd0 mode 0
Event: 182.005 Thread 0x000002a1ed3adbd0 DEOPT PACKING pc=0x000002a1e3154dd4 sp=0x000000b40b9fec40
Event: 182.006 Thread 0x000002a1ed3adbd0 DEOPT UNPACKING pc=0x000002a1e2cb7143 sp=0x000000b40b9fe0e8 mode 0
Event: 41183.821 Thread 0x000002a1edc138d0 DEOPT PACKING pc=0x000002a1e3e06aa0 sp=0x000000b40d1fe2b0
Event: 41183.822 Thread 0x000002a1edc138d0 DEOPT UNPACKING pc=0x000002a1e2cb7143 sp=0x000000b40d1fd730 mode 3
Event: 41194.317 Thread 0x000002a1edf26610 DEOPT PACKING pc=0x000002a1e3ecd336 sp=0x000000b40c4fd1e0
Event: 41194.317 Thread 0x000002a1edf26610 DEOPT UNPACKING pc=0x000002a1e2cb7143 sp=0x000000b40c4fc6d8 mode 3
Event: 41240.243 Thread 0x000002a1edf26610 DEOPT PACKING pc=0x000002a1e3f570e6 sp=0x000000b40c4fe8e0
Event: 41240.244 Thread 0x000002a1edf26610 DEOPT UNPACKING pc=0x000002a1e2cb7143 sp=0x000000b40c4fdda0 mode 3
Event: 41419.422 Thread 0x000002a1edf26140 DEOPT PACKING pc=0x000002a1e4513598 sp=0x000000b40c8fe280
Event: 41419.423 Thread 0x000002a1edf26140 DEOPT UNPACKING pc=0x000002a1e2cb7143 sp=0x000000b40c8fd778 mode 3
Event: 41426.464 Thread 0x000002a1edf26610 DEOPT PACKING pc=0x000002a1e4246296 sp=0x000000b40c4fc430
Event: 41426.465 Thread 0x000002a1edf26610 DEOPT UNPACKING pc=0x000002a1e2cb7143 sp=0x000000b40c4fba78 mode 0
Event: 41426.465 Thread 0x000002a1edf26610 DEOPT PACKING pc=0x000002a1e3fdcd0c sp=0x000000b40c4fca30
Event: 41426.466 Thread 0x000002a1edf26610 DEOPT UNPACKING pc=0x000002a1e2cb7143 sp=0x000000b40c4fbec0 mode 0

Classes unloaded (20 events):
Event: 41549.375 Thread 0x000002a1eadeccc0 Unloading class 0x0000000100961800 'java/lang/invoke/LambdaForm$MH+0x0000000100961800'
Event: 41549.375 Thread 0x000002a1eadeccc0 Unloading class 0x0000000100961400 'java/lang/invoke/LambdaForm$MH+0x0000000100961400'
Event: 41549.376 Thread 0x000002a1eadeccc0 Unloading class 0x00000001004ec000 'java/lang/invoke/LambdaForm$MH+0x00000001004ec000'
Event: 41549.376 Thread 0x000002a1eadeccc0 Unloading class 0x00000001000c8c00 'java/lang/invoke/LambdaForm$MH+0x00000001000c8c00'
Event: 41549.376 Thread 0x000002a1eadeccc0 Unloading class 0x00000001000c9400 'java/lang/invoke/LambdaForm$MH+0x00000001000c9400'
Event: 41549.376 Thread 0x000002a1eadeccc0 Unloading class 0x00000001000c9c00 'java/lang/invoke/LambdaForm$MH+0x00000001000c9c00'
Event: 41549.376 Thread 0x000002a1eadeccc0 Unloading class 0x0000000100355c00 'java/lang/invoke/LambdaForm$MH+0x0000000100355c00'
Event: 41549.376 Thread 0x000002a1eadeccc0 Unloading class 0x0000000100356c00 'java/lang/invoke/LambdaForm$MH+0x0000000100356c00'
Event: 41549.376 Thread 0x000002a1eadeccc0 Unloading class 0x00000001007f0000 'java/lang/invoke/LambdaForm$MH+0x00000001007f0000'
Event: 41549.376 Thread 0x000002a1eadeccc0 Unloading class 0x0000000100824400 'java/lang/invoke/LambdaForm$MH+0x0000000100824400'
Event: 41549.377 Thread 0x000002a1eadeccc0 Unloading class 0x0000000100826c00 'java/lang/invoke/LambdaForm$MH+0x0000000100826c00'
Event: 41828.667 Thread 0x000002a1eadeccc0 Unloading class 0x0000000100979800 'jdk/internal/reflect/GeneratedMethodAccessor29'
Event: 41828.668 Thread 0x000002a1eadeccc0 Unloading class 0x0000000100979400 'jdk/internal/reflect/GeneratedConstructorAccessor53'
Event: 41828.668 Thread 0x000002a1eadeccc0 Unloading class 0x0000000100979000 'jdk/internal/reflect/GeneratedMethodAccessor28'
Event: 41828.668 Thread 0x000002a1eadeccc0 Unloading class 0x0000000100978c00 'jdk/internal/reflect/GeneratedConstructorAccessor52'
Event: 41828.668 Thread 0x000002a1eadeccc0 Unloading class 0x0000000100978800 'jdk/internal/reflect/GeneratedMethodAccessor27'
Event: 41828.668 Thread 0x000002a1eadeccc0 Unloading class 0x0000000100978400 'jdk/internal/reflect/GeneratedMethodAccessor26'
Event: 41828.668 Thread 0x000002a1eadeccc0 Unloading class 0x0000000100978000 'jdk/internal/reflect/GeneratedMethodAccessor25'
Event: 41839.604 Thread 0x000002a1eadeccc0 Unloading class 0x000000010034c000 'jdk/internal/reflect/GeneratedConstructorAccessor51'
Event: 41839.604 Thread 0x000002a1eadeccc0 Unloading class 0x000000010034d400 'jdk/internal/reflect/GeneratedConstructorAccessor50'

Classes redefined (0 events):
No events

Internal exceptions (20 events):
Event: 41625.753 Thread 0x000002a1edf6b370 Exception <a 'sun/nio/fs/WindowsException'{0x00000000cdc52220}> (0x00000000cdc52220) 
thrown [s\src\hotspot\share\prims\jni.cpp, line 516]
Event: 41625.754 Thread 0x000002a1edf6b370 Exception <a 'sun/nio/fs/WindowsException'{0x00000000cdc53f70}> (0x00000000cdc53f70) 
thrown [s\src\hotspot\share\prims\jni.cpp, line 516]
Event: 41631.002 Thread 0x000002a1edf6b370 Exception <a 'sun/nio/fs/WindowsException'{0x00000000cc192ed8}> (0x00000000cc192ed8) 
thrown [s\src\hotspot\share\prims\jni.cpp, line 516]
Event: 41631.004 Thread 0x000002a1edf6b370 Exception <a 'sun/nio/fs/WindowsException'{0x00000000cc194c28}> (0x00000000cc194c28) 
thrown [s\src\hotspot\share\prims\jni.cpp, line 516]
Event: 41633.713 Thread 0x000002a1edf6b370 Exception <a 'sun/nio/fs/WindowsException'{0x00000000d0464638}> (0x00000000d0464638) 
thrown [s\src\hotspot\share\prims\jni.cpp, line 516]
Event: 41633.714 Thread 0x000002a1edf6b370 Exception <a 'sun/nio/fs/WindowsException'{0x00000000d0466388}> (0x00000000d0466388) 
thrown [s\src\hotspot\share\prims\jni.cpp, line 516]
Event: 44567.507 Thread 0x000002a1f9dab210 Exception <a 'sun/nio/fs/WindowsException'{0x00000000d120e460}> (0x00000000d120e460) 
thrown [s\src\hotspot\share\prims\jni.cpp, line 516]
Event: 44567.510 Thread 0x000002a1f9dab210 Exception <a 'sun/nio/fs/WindowsException'{0x00000000d12101b0}> (0x00000000d12101b0) 
thrown [s\src\hotspot\share\prims\jni.cpp, line 516]
Event: 44576.899 Thread 0x000002a1eb8f1240 Exception <a 'sun/nio/fs/WindowsException'{0x00000000d0680cc8}> (0x00000000d0680cc8) 
thrown [s\src\hotspot\share\prims\jni.cpp, line 516]
Event: 44576.901 Thread 0x000002a1eb8f1240 Exception <a 'sun/nio/fs/WindowsException'{0x00000000d0682a18}> (0x00000000d0682a18) 
thrown [s\src\hotspot\share\prims\jni.cpp, line 516]
Event: 44577.501 Thread 0x000002a1f0274a80 Exception <a 'sun/nio/fs/WindowsException'{0x00000000cfcac908}> (0x00000000cfcac908) 
thrown [s\src\hotspot\share\prims\jni.cpp, line 516]
Event: 44577.502 Thread 0x000002a1f0274a80 Exception <a 'sun/nio/fs/WindowsException'{0x00000000cfcae658}> (0x00000000cfcae658) 
thrown [s\src\hotspot\share\prims\jni.cpp, line 516]
Event: 44577.948 Thread 0x000002a1ef4dbfe0 Exception <a 'sun/nio/fs/WindowsException'{0x00000000cf1e3df8}> (0x00000000cf1e3df8) 
thrown [s\src\hotspot\share\prims\jni.cpp, line 516]
Event: 44577.950 Thread 0x000002a1ef4dbfe0 Exception <a 'sun/nio/fs/WindowsException'{0x00000000cf1e5b48}> (0x00000000cf1e5b48) 
thrown [s\src\hotspot\share\prims\jni.cpp, line 516]
Event: 44578.478 Thread 0x000002a1f02a0950 Exception <a 'sun/nio/fs/WindowsException'{0x00000000ce9e4c90}> (0x00000000ce9e4c90) 
thrown [s\src\hotspot\share\prims\jni.cpp, line 516]
Event: 44578.479 Thread 0x000002a1f02a0950 Exception <a 'sun/nio/fs/WindowsException'{0x00000000ce9e69e0}> (0x00000000ce9e69e0) 
thrown [s\src\hotspot\share\prims\jni.cpp, line 516]
Event: 44584.999 Thread 0x000002a1f02a0950 Exception <a 'sun/nio/fs/WindowsException'{0x00000000ce1d25a0}> (0x00000000ce1d25a0) 
thrown [s\src\hotspot\share\prims\jni.cpp, line 516]
Event: 44585.001 Thread 0x000002a1f02a0950 Exception <a 'sun/nio/fs/WindowsException'{0x00000000ce1d42f0}> (0x00000000ce1d42f0) 
thrown [s\src\hotspot\share\prims\jni.cpp, line 516]
Event: 44586.744 Thread 0x000002a1ef4dbfe0 Exception <a 'sun/nio/fs/WindowsException'{0x00000000cd7e0c78}> (0x00000000cd7e0c78) 
thrown [s\src\hotspot\share\prims\jni.cpp, line 516]
Event: 44586.745 Thread 0x000002a1ef4dbfe0 Exception <a 'sun/nio/fs/WindowsException'{0x00000000cd7e29c8}> (0x00000000cd7e29c8) 
thrown [s\src\hotspot\share\prims\jni.cpp, line 516]

VM Operations (20 events):
Event: 47316.189 Executing VM operation: G1CollectFull done
Event: 47327.643 Executing VM operation: G1CollectFull
Event: 47327.756 Executing VM operation: G1CollectFull done
Event: 47338.209 Executing VM operation: G1CollectFull
Event: 47338.307 Executing VM operation: G1CollectFull done
Event: 47351.666 Executing VM operation: G1CollectFull
Event: 47351.766 Executing VM operation: G1CollectFull done
Event: 47362.365 Executing VM operation: G1CollectFull
Event: 47362.451 Executing VM operation: G1CollectFull done
Event: 47372.757 Executing VM operation: G1CollectFull
Event: 47372.833 Executing VM operation: G1CollectFull done
Event: 47383.099 Executing VM operation: G1CollectFull
Event: 47383.183 Executing VM operation: G1CollectFull done
Event: 47394.058 Executing VM operation: G1CollectFull
Event: 47394.160 Executing VM operation: G1CollectFull done
Event: 47404.714 Executing VM operation: G1CollectFull
Event: 47404.824 Executing VM operation: G1CollectFull done
Event: 47415.422 Executing VM operation: G1CollectFull
Event: 47415.510 Executing VM operation: G1CollectFull done
Event: 47425.596 Executing VM operation: G1CollectFull

Events (20 events):
Event: 44567.504 Thread 0x000002a1ef4dd320 Thread added: 0x000002a1ef4dd320
Event: 44572.185 Thread 0x000002a1f0274a80 Thread added: 0x000002a1f0274a80
Event: 44572.400 Thread 0x000002a1ef4dbfe0 Thread added: 0x000002a1ef4dbfe0
Event: 44573.648 Thread 0x000002a1eb8f1240 Thread added: 0x000002a1eb8f1240
Event: 44574.581 Thread 0x000002a1edf287c0 Thread added: 0x000002a1edf287c0
Event: 44576.914 Thread 0x000002a1f02a12f0 Thread added: 0x000002a1f02a12f0
Event: 44576.917 Thread 0x000002a1eb8f1be0 Thread added: 0x000002a1eb8f1be0
Event: 44588.885 Thread 0x000002a1f029fae0 Thread added: 0x000002a1f029fae0
Event: 44647.696 Thread 0x000002a1f02a12f0 Thread exited: 0x000002a1f02a12f0
Event: 44648.900 Thread 0x000002a1eb8f0d70 Thread exited: 0x000002a1eb8f0d70
Event: 44648.907 Thread 0x000002a1f029fae0 Thread exited: 0x000002a1f029fae0
Event: 44649.086 Thread 0x000002a1f029ffb0 Thread exited: 0x000002a1f029ffb0
Event: 44650.237 Thread 0x000002a1ef4dbfe0 Thread exited: 0x000002a1ef4dbfe0
Event: 44697.053 Thread 0x000002a1ef4dd320 Thread exited: 0x000002a1ef4dd320
Event: 44710.257 Thread 0x000002a1f02a0950 Thread exited: 0x000002a1f02a0950
Event: 44770.290 Thread 0x000002a1f0274a80 Thread exited: 0x000002a1f0274a80
Event: 44830.290 Thread 0x000002a1eb8f1240 Thread exited: 0x000002a1eb8f1240
Event: 44890.292 Thread 0x000002a1f9dab210 Thread exited: 0x000002a1f9dab210
Event: 44950.292 Thread 0x000002a1eb8f1be0 Thread exited: 0x000002a1eb8f1be0
Event: 45010.361 Thread 0x000002a1edf287c0 Thread exited: 0x000002a1edf287c0


Dynamic libraries:
0x00007ff6e5260000 - 0x00007ff6e526e000 	c:\Users\Youcode\.vscode\extensions\redhat.java-1.15.0-win32-x64\jre\17.0.6-win32-x86_64\bin\java.exe
0x00007ff8c93f0000 - 0x00007ff8c9604000 	C:\WINDOWS\SYSTEM32\ntdll.dll
0x00007ff8c8590000 - 0x00007ff8c8653000 	C:\WINDOWS\System32\KERNEL32.DLL
0x00007ff8c6950000 - 0x00007ff8c6cec000 	C:\WINDOWS\System32\KERNELBASE.dll
0x00007ff8c6830000 - 0x00007ff8c6941000 	C:\WINDOWS\System32\ucrtbase.dll
0x00007ff8b2a20000 - 0x00007ff8b2a37000 	c:\Users\Youcode\.vscode\extensions\redhat.java-1.15.0-win32-x64\jre\17.0.6-win32-x86_64\bin\jli.dll
0x00007ff8c7e10000 - 0x00007ff8c7fbd000 	C:\WINDOWS\System32\USER32.dll
0x00007ff8c6d60000 - 0x00007ff8c6d86000 	C:\WINDOWS\System32\win32u.dll
0x00007ff8c8710000 - 0x00007ff8c8739000 	C:\WINDOWS\System32\GDI32.dll
0x00007ff8c6ef0000 - 0x00007ff8c7002000 	C:\WINDOWS\System32\gdi32full.dll
0x00007ff8c6d90000 - 0x00007ff8c6e2a000 	C:\WINDOWS\System32\msvcp_win.dll
0x00007ff8ab800000 - 0x00007ff8ab819000 	c:\Users\Youcode\.vscode\extensions\redhat.java-1.15.0-win32-x64\jre\17.0.6-win32-x86_64\bin\VCRUNTIME140.dll
0x00007ff8b22f0000 - 0x00007ff8b257e000 	C:\WINDOWS\WinSxS\amd64_microsoft.windows.common-controls_6595b64144ccf1df_6.0.22621.608_none_a9444ca7c10bb01d\COMCTL32.dll
0x00007ff8c7d60000 - 0x00007ff8c7e07000 	C:\WINDOWS\System32\msvcrt.dll
0x00007ff8c8820000 - 0x00007ff8c8852000 	C:\WINDOWS\System32\IMM32.DLL
0x00007ff8be5f0000 - 0x00007ff8be5fc000 	c:\Users\Youcode\.vscode\extensions\redhat.java-1.15.0-win32-x64\jre\17.0.6-win32-x86_64\bin\vcruntime140_1.dll
0x00007ff893060000 - 0x00007ff8930f1000 	c:\Users\Youcode\.vscode\extensions\redhat.java-1.15.0-win32-x64\jre\17.0.6-win32-x86_64\bin\msvcp140.dll
0x00007ff82d9f0000 - 0x00007ff82e637000 	c:\Users\Youcode\.vscode\extensions\redhat.java-1.15.0-win32-x64\jre\17.0.6-win32-x86_64\bin\server\jvm.dll
0x00007ff8c7440000 - 0x00007ff8c74ee000 	C:\WINDOWS\System32\ADVAPI32.dll
0x00007ff8c8660000 - 0x00007ff8c8704000 	C:\WINDOWS\System32\sechost.dll
0x00007ff8c7200000 - 0x00007ff8c7315000 	C:\WINDOWS\System32\RPCRT4.dll
0x00007ff8977c0000 - 0x00007ff8977c9000 	C:\WINDOWS\SYSTEM32\WSOCK32.dll
0x00007ff8c92b0000 - 0x00007ff8c9321000 	C:\WINDOWS\System32\WS2_32.dll
0x00007ff8b42a0000 - 0x00007ff8b42d4000 	C:\WINDOWS\SYSTEM32\WINMM.dll
0x00007ff8be640000 - 0x00007ff8be64a000 	C:\WINDOWS\SYSTEM32\VERSION.dll
0x00007ff8c5840000 - 0x00007ff8c5858000 	C:\WINDOWS\SYSTEM32\kernel.appcore.dll
0x00007ff8abd10000 - 0x00007ff8abd1a000 	c:\Users\Youcode\.vscode\extensions\redhat.java-1.15.0-win32-x64\jre\17.0.6-win32-x86_64\bin\jimage.dll
0x00007ff8be7f0000 - 0x00007ff8bea1e000 	C:\WINDOWS\SYSTEM32\DBGHELP.DLL
0x00007ff8c76b0000 - 0x00007ff8c7a3a000 	C:\WINDOWS\System32\combase.dll
0x00007ff8c8740000 - 0x00007ff8c8817000 	C:\WINDOWS\System32\OLEAUT32.dll
0x00007ff8b1f30000 - 0x00007ff8b1f62000 	C:\WINDOWS\SYSTEM32\dbgcore.DLL
0x00007ff8c7180000 - 0x00007ff8c71fb000 	C:\WINDOWS\System32\bcryptPrimitives.dll
0x00007ff8aa9b0000 - 0x00007ff8aa9d5000 	c:\Users\Youcode\.vscode\extensions\redhat.java-1.15.0-win32-x64\jre\17.0.6-win32-x86_64\bin\java.dll
0x00007ff8ab340000 - 0x00007ff8ab358000 	c:\Users\Youcode\.vscode\extensions\redhat.java-1.15.0-win32-x64\jre\17.0.6-win32-x86_64\bin\zip.dll
0x00007ff8c8a60000 - 0x00007ff8c924f000 	C:\WINDOWS\System32\SHELL32.dll
0x00007ff8c4800000 - 0x00007ff8c50c8000 	C:\WINDOWS\SYSTEM32\windows.storage.dll
0x00007ff8c46c0000 - 0x00007ff8c47fe000 	C:\WINDOWS\SYSTEM32\wintypes.dll
0x00007ff8c7320000 - 0x00007ff8c7411000 	C:\WINDOWS\System32\SHCORE.dll
0x00007ff8c9250000 - 0x00007ff8c92ae000 	C:\WINDOWS\System32\shlwapi.dll
0x00007ff8c6760000 - 0x00007ff8c6781000 	C:\WINDOWS\SYSTEM32\profapi.dll
0x00007ff8ab2e0000 - 0x00007ff8ab2f9000 	C:\Users\Youcode\.vscode\extensions\redhat.java-1.15.0-win32-x64\jre\17.0.6-win32-x86_64\bin\net.dll
0x00007ff8bba50000 - 0x00007ff8bbb7f000 	C:\WINDOWS\SYSTEM32\WINHTTP.dll
0x00007ff8c5ca0000 - 0x00007ff8c5d09000 	C:\WINDOWS\system32\mswsock.dll
0x00007ff8ab270000 - 0x00007ff8ab285000 	C:\Users\Youcode\.vscode\extensions\redhat.java-1.15.0-win32-x64\jre\17.0.6-win32-x86_64\bin\nio.dll
0x00007ff8ab6c0000 - 0x00007ff8ab6d0000 	c:\Users\Youcode\.vscode\extensions\redhat.java-1.15.0-win32-x64\jre\17.0.6-win32-x86_64\bin\verify.dll
0x00007ff8c5fc0000 - 0x00007ff8c5fdb000 	C:\WINDOWS\SYSTEM32\CRYPTSP.dll
0x00007ff8c57b0000 - 0x00007ff8c57e5000 	C:\WINDOWS\system32\rsaenh.dll
0x00007ff8c5d40000 - 0x00007ff8c5d68000 	C:\WINDOWS\SYSTEM32\USERENV.dll
0x00007ff8c61d0000 - 0x00007ff8c61f8000 	C:\WINDOWS\SYSTEM32\bcrypt.dll
0x00007ff8c5fa0000 - 0x00007ff8c5fac000 	C:\WINDOWS\SYSTEM32\CRYPTBASE.dll
0x00007ff8c5360000 - 0x00007ff8c538d000 	C:\WINDOWS\SYSTEM32\IPHLPAPI.DLL
0x00007ff8c8460000 - 0x00007ff8c8469000 	C:\WINDOWS\System32\NSI.dll
0x00007ff8bb8a0000 - 0x00007ff8bb8b9000 	C:\WINDOWS\SYSTEM32\dhcpcsvc6.DLL
0x00007ff8bb880000 - 0x00007ff8bb89f000 	C:\WINDOWS\SYSTEM32\dhcpcsvc.DLL
0x00007ff8c53e0000 - 0x00007ff8c54d3000 	C:\WINDOWS\SYSTEM32\DNSAPI.dll
0x00007ff8c2f20000 - 0x00007ff8c2f29000 	C:\Users\Youcode\.vscode\extensions\redhat.java-1.15.0-win32-x64\jre\17.0.6-win32-x86_64\bin\management.dll
0x00007ff8c2f10000 - 0x00007ff8c2f1b000 	C:\Users\Youcode\.vscode\extensions\redhat.java-1.15.0-win32-x64\jre\17.0.6-win32-x86_64\bin\management_ext.dll
0x00007ff8c88b0000 - 0x00007ff8c88b8000 	C:\WINDOWS\System32\PSAPI.DLL
0x00007ff8aaef0000 - 0x00007ff8aaefe000 	C:\Users\Youcode\.vscode\extensions\redhat.java-1.15.0-win32-x64\jre\17.0.6-win32-x86_64\bin\sunmscapi.dll
0x00007ff8c7010000 - 0x00007ff8c7176000 	C:\WINDOWS\System32\CRYPT32.dll
0x00007ff8c61a0000 - 0x00007ff8c61cd000 	C:\WINDOWS\SYSTEM32\ncrypt.dll
0x00007ff8c6160000 - 0x00007ff8c6197000 	C:\WINDOWS\SYSTEM32\NTASN1.dll
0x00007ff8b3b90000 - 0x00007ff8b3b9a000 	C:\Windows\System32\rasadhlp.dll
0x00007ff8b4fe0000 - 0x00007ff8b5063000 	C:\WINDOWS\System32\fwpuclnt.dll
0x000000006c500000 - 0x000000006c5c7000 	C:\Users\Youcode\AppData\Local\Temp\snappy-1.1.8-9639ed26-b53c-4c6e-af8b-62159299b517-snappyjava.dll

dbghelp: loaded successfully - version: 4.0.5 - missing functions: none
symbol engine: initialized successfully - sym options: 0x614 - pdb path: .;c:\Users\Youcode\.vscode\extensions\redhat.java-1.15.0-win32-x64\jre\17.0.6-win32-x86_64\bin;C:\WINDOWS\SYSTEM32;C:\WINDOWS\WinSxS\amd64_microsoft.windows.common-controls_6595b64144ccf1df_6.0.22621.608_none_a9444ca7c10bb01d;c:\Users\Youcode\.vscode\extensions\redhat.java-1.15.0-win32-x64\jre\17.0.6-win32-x86_64\bin\server;C:\Users\Youcode\AppData\Local\Temp

VM Arguments:
jvm_args: -XX:+HeapDumpOnOutOfMemoryError -Xmx1024m -Dsts.lsp.client=vscode -Dsts.log.file=/dev/null -XX:TieredStopAtLevel=1 -Xlog:jni+resolve=off -Dspring.config.location=file:c:\Users\Youcode\.vscode\extensions\vmware.vscode-spring-boot-1.44.0\language-server\BOOT-INF\classes\application.properties 
java_command: org.springframework.ide.vscode.boot.app.BootLanguageServerBootApp
java_class_path (initial): c:\Users\Youcode\.vscode\extensions\vmware.vscode-spring-boot-1.44.0\language-server\BOOT-INF\classes;c:\Users\Youcode\.vscode\extensions\vmware.vscode-spring-boot-1.44.0\language-server\BOOT-INF\lib\annotations-24.0.0.jar;c:\Users\Youcode\.vscode\extensions\vmware.vscode-spring-boot-1.44.0\language-server\BOOT-INF\lib\ant-1.10.13.jar;c:\Users\Youcode\.vscode\extensions\vmware.vscode-spring-boot-1.44.0\language-server\BOOT-INF\lib\ant-launcher-1.10.13.jar;c:\Users\Youcode\.vscode\extensions\vmware.vscode-spring-boot-1.44.0\language-server\BOOT-INF\lib\antlr-runtime-3.5.2.jar;c:\Users\Youcode\.vscode\extensions\vmware.vscode-spring-boot-1.44.0\language-server\BOOT-INF\lib\antlr4-4.9.3.jar;c:\Users\Youcode\.vscode\extensions\vmware.vscode-spring-boot-1.44.0\language-server\BOOT-INF\lib\antlr4-runtime-4.9.3.jar;c:\Users\Youcode\.vscode\extensions\vmware.vscode-spring-boot-1.44.0\language-server\BOOT-INF\lib\apiguardian-api-1.1.2.jar;c:\Users\Youcode\.vscode\extensions\vmware.vscode-spring-boot-1.44.0\language-server\BOOT-INF\lib\asm-9.4.jar;c:\Users\Youcode\.vscode\extensions\vmware.vscode-spring-boot-1.44.0\language-server\BOOT-INF\lib\asm-analysis-9.4.jar;c:\Users\Youcode\.vscode\extensions\vmware.vscode-spring-boot-1.44.0\language-server\BOOT-INF\lib\asm-tree-9.4.jar;c:\Users\Youcode\.vscode\extensions\vmware.vscode-spring-boot-1.44.0\language-server\BOOT-INF\lib\asm-util-9.4.jar;c:\Users\Youcode\.vscode\extensions\vmware.vscode-spring-boot-1.44.0\language-server\BOOT-INF\lib\caffeine-3.1.2.jar;c:\Users\Youcode\.vscode\extensions\vmware.vscode-spring-boot-1.44.0\language-server\BOOT-INF\lib\checker-qual-3.12.0.jar;c:\Users\Youcode\.vscode\extensions\vmware.vscode-spring-boot-1.44.0\language-server\BOOT-INF\lib\ci-environment-9.1.0.jar;c:\Users\Youcode\.vscode\extensions\vmware.vscode-spring-boot-1.44.0\language-server\BOOT-INF\lib\classgraph-4.8.149.jar;c:\Users\Youcode\.vscode\extensions\vmware.vscode-spring-boot-1.44.0\language-server\
Launcher Type: SUN_STANDARD

[Global flags]
     intx CICompilerCount                          = 4                                         {product} {ergonomic}
     uint ConcGCThreads                            = 2                                         {product} {ergonomic}
     uint G1ConcRefinementThreads                  = 8                                         {product} {ergonomic}
   size_t G1HeapRegionSize                         = 1048576                                   {product} {ergonomic}
    uintx GCDrainStackTargetSize                   = 64                                        {product} {ergonomic}
     bool HeapDumpOnOutOfMemoryError               = true                                   {manageable} {command line}
   size_t InitialHeapSize                          = 127926272                                 {product} {ergonomic}
   size_t MarkStackSize                            = 4194304                                   {product} {ergonomic}
   size_t MaxHeapSize                              = 1073741824                                {product} {command line}
   size_t MaxNewSize                               = 643825664                                 {product} {ergonomic}
   size_t MinHeapDeltaBytes                        = 1048576                                   {product} {ergonomic}
   size_t MinHeapSize                              = 8388608                                   {product} {ergonomic}
    uintx NonProfiledCodeHeapSize                  = 0                                      {pd product} {ergonomic}
     bool ProfileInterpreter                       = false                                  {pd product} {command line}
    uintx ProfiledCodeHeapSize                     = 0                                      {pd product} {ergonomic}
   size_t SoftMaxHeapSize                          = 1073741824                             {manageable} {ergonomic}
     intx TieredStopAtLevel                        = 1                                         {product} {command line}
     bool UseCompressedClassPointers               = true                           {product lp64_product} {ergonomic}
     bool UseCompressedOops                        = true                           {product lp64_product} {ergonomic}
     bool UseG1GC                                  = true                                      {product} {ergonomic}
     bool UseLargePagesIndividualAllocation        = false                                  {pd product} {ergonomic}

Logging:
Log output configuration:
 #0: stdout all=warning,jni+resolve=off uptime,level,tags
 #1: stderr all=off uptime,level,tags

Environment Variables:
JAVA_HOME=C:\Program Files\Java\jdk-11.0.16.1
PATH=C:\Program Files\Common Files\Oracle\Java\javapath;C:\Program Files\Eclipse Adoptium\jdk-17.0.5.8-hotspot\bin;C:\Program Files (x86)\Common Files\Oracle\Java\javapath;C:\Python310\Scripts\;C:\Python310\;C:\Program Files (x86)\Common Files\Intel\Shared Libraries\redist\intel64\compiler;C:\WINDOWS\system32;C:\WINDOWS;C:\WINDOWS\System32\Wbem;C:\WINDOWS\System32\WindowsPowerShell\v1.0\;C:\WINDOWS\System32\OpenSSH\;C:\Program Files\Git\cmd;C:\Program Files\Microsoft SQL Server\150\Tools\Binn\;C:\Program Files\Microsoft SQL Server\Client SDK\ODBC\170\Tools\Binn\;C:\Program Files\dotnet\;C:\ProgramData\chocolatey\bin;C:\ProgramData\ComposerSetup\bin;C:\wamp64\bin\php\php8.0.13;C:\Program Files\Java\jdk1.8.0_341\bin;C:\Program Files\apache-maven-3.8.6\bin;;C:\WINDOWS\system32;C:\WINDOWS;C:\WINDOWS\System32\Wbem;C:\WINDOWS\System32\WindowsPowerShell\v1.0\;C:\WINDOWS\System32\OpenSSH\;C:\Program Files\Docker\Docker\resources\bin;C:\Program Files\nodejs\;C:\Users\Youcode\AppData\Local\atom\bin;C:\Users\Youcode\.dotnet\tools;C:\Program Files\JetBrains\PhpStorm 2021.3.1\bin;;C:\Users\Youcode\AppData\Local\Programs\Microsoft VS Code\bin;C:\Users\Youcode\AppData\Roaming\Composer\vendor\bin;C:\Users\Youcode\AppData\Local\Microsoft\WindowsApps;C:\Program Files\Java\jdk-11.0.16.1\bin;C:\Users\Youcode\AppData\Roaming\npm;C:\src\flutter\bin;
USERNAME=Youcode
OS=Windows_NT
PROCESSOR_IDENTIFIER=Intel64 Family 6 Model 142 Stepping 12, GenuineIntel
TMP=C:\Users\Youcode\AppData\Local\Temp
TEMP=C:\Users\Youcode\AppData\Local\Temp



---------------  S Y S T E M  ---------------

OS:
 Windows 11 , 64 bit Build 22621 (10.0.22621.1194)
OS uptime: 1 days 19:52 hours
Hyper-V role detected

CPU: total 8 (initial active 8) (4 cores per cpu, 2 threads per core) family 6 model 142 stepping 12 microcode 0xf0, cx8, cmov, fxsr, ht, mmx, 3dnowpref, sse, sse2, sse3, ssse3, sse4.1, sse4.2, popcnt, lzcnt, tsc, tscinvbit, avx, avx2, aes, erms, clmul, bmi1, bmi2, adx, fma, vzeroupper, clflush, clflushopt, hv

Memory: 4k page, system-wide physical 7792M (110M free)
TotalPageFile size 31344M (AvailPageFile size 13M)
current process WorkingSet (physical memory assigned to process): 145M, peak: 703M
current process commit charge ("private bytes"): 490M, peak: 758M

vm_info: OpenJDK 64-Bit Server VM (17.0.6+10) for windows-amd64 JRE (17.0.6+10), built on Jan 18 2023 10:08:59 by "temurin" with MS VC++ 16.7 (VS2019)

END.
